Sun Jun 22 10:52:58 2025       
+---------------------------------------------------------------------------------------+
| NVIDIA-SMI 530.30.02              Driver Version: 530.30.02    CUDA Version: 12.1     |
|-----------------------------------------+----------------------+----------------------+
| GPU  Name                  Persistence-M| Bus-Id        Disp.A | Volatile Uncorr. ECC |
| Fan  Temp  Perf            Pwr:Usage/Cap|         Memory-Usage | GPU-Util  Compute M. |
|                                         |                      |               MIG M. |
|=========================================+======================+======================|
|   0  NVIDIA A100-SXM-64GB            On | 00000000:1D:00.0 Off |                    0 |
| N/A   42C    P0               59W / 458W|      0MiB / 65536MiB |      0%      Default |
|                                         |                      |             Disabled |
+-----------------------------------------+----------------------+----------------------+
|   1  NVIDIA A100-SXM-64GB            On | 00000000:56:00.0 Off |                    0 |
| N/A   43C    P0               61W / 461W|      0MiB / 65536MiB |      0%      Default |
|                                         |                      |             Disabled |
+-----------------------------------------+----------------------+----------------------+
|   2  NVIDIA A100-SXM-64GB            On | 00000000:8F:00.0 Off |                    0 |
| N/A   43C    P0               59W / 453W|      0MiB / 65536MiB |      0%      Default |
|                                         |                      |             Disabled |
+-----------------------------------------+----------------------+----------------------+
|   3  NVIDIA A100-SXM-64GB            On | 00000000:C8:00.0 Off |                    0 |
| N/A   43C    P0               63W / 458W|      0MiB / 65536MiB |      0%      Default |
|                                         |                      |             Disabled |
+-----------------------------------------+----------------------+----------------------+
                                                                                         
+---------------------------------------------------------------------------------------+
| Processes:                                                                            |
|  GPU   GI   CI        PID   Type   Process name                            GPU Memory |
|        ID   ID                                                             Usage      |
|=======================================================================================|
|  No running processes found                                                           |
+---------------------------------------------------------------------------------------+
+ -------------- SLURM CHECK -------------- +
CUDA_VISIBLE_DEVICES=0,1,2,3
NODES=4
+ ----------------------------------------- +
+ ---------- TORCH LIBRARY CHECK ---------- +
PyTorch version: 2.7.1+cu126
PyTorch CUDA version: 12.6
PyTorch CUDNN version: 90501
GPUs per node 4
[Rank 8] GPU_RANK=0 on CUDA device 0 hostname=lrdn0908.leonardo.local
[Rank 4] GPU_RANK=0 on CUDA device 0 hostname=lrdn0702.leonardo.local
Training with GPUs :)
+ ----------------------------------------- +
[Rank 0] GPU_RANK=0 on CUDA device 0 hostname=lrdn0589.leonardo.local
[Rank 1] GPU_RANK=1 on CUDA device 1 hostname=lrdn0589.leonardo.local
[Rank 2] GPU_RANK=2 on CUDA device 2 hostname=lrdn0589.leonardo.local
[Rank 3] GPU_RANK=3 on CUDA device 3 hostname=lrdn0589.leonardo.local
[Rank 12] GPU_RANK=0 on CUDA device 0 hostname=lrdn0924.leonardo.local
[Rank 5] GPU_RANK=1 on CUDA device 1 hostname=lrdn0702.leonardo.local
[Rank 6] GPU_RANK=2 on CUDA device 2 hostname=lrdn0702.leonardo.local
[Rank 7] GPU_RANK=3 on CUDA device 3 hostname=lrdn0702.leonardo.local
[Rank 9] GPU_RANK=1 on CUDA device 1 hostname=lrdn0908.leonardo.local
[Rank 10] GPU_RANK=2 on CUDA device 2 hostname=lrdn0908.leonardo.local
[Rank 11] GPU_RANK=3 on CUDA device 3 hostname=lrdn0908.leonardo.local
[Rank 13] GPU_RANK=1 on CUDA device 1 hostname=lrdn0924.leonardo.local
[Rank 14] GPU_RANK=2 on CUDA device 2 hostname=lrdn0924.leonardo.local
[Rank 15] GPU_RANK=3 on CUDA device 3 hostname=lrdn0924.leonardo.local
[RANK 5] I have 3750 samples. From 18750 to 22500
[RANK 4] I have 3750 samples. From 15000 to 18750
[RANK 6] I have 3750 samples. From 22500 to 26250
[RANK 7] I have 3750 samples. From 26250 to 30000
[RANK 3] I have 3750 samples. From 11250 to 15000
[RANK 8] I have 3750 samples. From 30000 to 33750
[RANK 2] I have 3750 samples. From 7500 to 11250
[RANK 0] This dataset has 60000 samples
[RANK 14] I have 3750 samples. From 52500 to 56250
[RANK 11] I have 3750 samples. From 41250 to 45000
[RANK 15] I have 3750 samples. From 56250 to 60000
[RANK 12] I have 3750 samples. From 45000 to 48750
[RANK 9] I have 3750 samples. From 33750 to 37500
[RANK 0] I have 3750 samples. From 0 to 3750
[RANK 10] I have 3750 samples. From 37500 to 41250
[RANK 13] I have 3750 samples. From 48750 to 52500
[RANK 1] I have 3750 samples. From 3750 to 7500
[RANK 0] Trainer is running...
[RANK 0 GPU 0] Epoch 0 | Batches: 157
-> Epoch 0 | Batch: 0
-> Epoch 0 | Batch: 1
-> Epoch 0 | Batch: 2
-> Epoch 0 | Batch: 3
-> Epoch 0 | Batch: 4
-> Epoch 0 | Batch: 5
-> Epoch 0 | Batch: 6
-> Epoch 0 | Batch: 7
-> Epoch 0 | Batch: 8
-> Epoch 0 | Batch: 9
-> Epoch 0 | Batch: 10
-> Epoch 0 | Batch: 11
-> Epoch 0 | Batch: 12
-> Epoch 0 | Batch: 13
-> Epoch 0 | Batch: 14
-> Epoch 0 | Batch: 15
-> Epoch 0 | Batch: 16
-> Epoch 0 | Batch: 17
-> Epoch 0 | Batch: 18
-> Epoch 0 | Batch: 19
-> Epoch 0 | Batch: 20
-> Epoch 0 | Batch: 21
-> Epoch 0 | Batch: 22
-> Epoch 0 | Batch: 23
-> Epoch 0 | Batch: 24
-> Epoch 0 | Batch: 25
-> Epoch 0 | Batch: 26
-> Epoch 0 | Batch: 27
-> Epoch 0 | Batch: 28
-> Epoch 0 | Batch: 29
-> Epoch 0 | Batch: 30
-> Epoch 0 | Batch: 31
-> Epoch 0 | Batch: 32
-> Epoch 0 | Batch: 33
-> Epoch 0 | Batch: 34
-> Epoch 0 | Batch: 35
-> Epoch 0 | Batch: 36
-> Epoch 0 | Batch: 37
-> Epoch 0 | Batch: 38
-> Epoch 0 | Batch: 39
-> Epoch 0 | Batch: 40
-> Epoch 0 | Batch: 41
-> Epoch 0 | Batch: 42
-> Epoch 0 | Batch: 43
-> Epoch 0 | Batch: 44
-> Epoch 0 | Batch: 45
-> Epoch 0 | Batch: 46
-> Epoch 0 | Batch: 47
-> Epoch 0 | Batch: 48
-> Epoch 0 | Batch: 49
-> Epoch 0 | Batch: 50
-> Epoch 0 | Batch: 51
-> Epoch 0 | Batch: 52
-> Epoch 0 | Batch: 53
-> Epoch 0 | Batch: 54
-> Epoch 0 | Batch: 55
-> Epoch 0 | Batch: 56
-> Epoch 0 | Batch: 57
-> Epoch 0 | Batch: 58
-> Epoch 0 | Avg Loss: 0.1132782837297073
[RANK 0 GPU 0] Epoch 1 | Batches: 157
-> Epoch 1 | Batch: 0
-> Epoch 1 | Batch: 1
-> Epoch 1 | Batch: 2
-> Epoch 1 | Batch: 3
-> Epoch 1 | Batch: 4
-> Epoch 1 | Batch: 5
-> Epoch 1 | Batch: 6
-> Epoch 1 | Batch: 7
-> Epoch 1 | Batch: 8
-> Epoch 1 | Batch: 9
-> Epoch 1 | Batch: 10
-> Epoch 1 | Batch: 11
-> Epoch 1 | Batch: 12
-> Epoch 1 | Batch: 13
-> Epoch 1 | Batch: 14
-> Epoch 1 | Batch: 15
-> Epoch 1 | Batch: 16
-> Epoch 1 | Batch: 17
-> Epoch 1 | Batch: 18
-> Epoch 1 | Batch: 19
-> Epoch 1 | Batch: 20
-> Epoch 1 | Batch: 21
-> Epoch 1 | Batch: 22
-> Epoch 1 | Batch: 23
-> Epoch 1 | Batch: 24
-> Epoch 1 | Batch: 25
-> Epoch 1 | Batch: 26
-> Epoch 1 | Batch: 27
-> Epoch 1 | Batch: 28
-> Epoch 1 | Batch: 29
-> Epoch 1 | Batch: 30
-> Epoch 1 | Batch: 31
-> Epoch 1 | Batch: 32
-> Epoch 1 | Batch: 33
-> Epoch 1 | Batch: 34
-> Epoch 1 | Batch: 35
-> Epoch 1 | Batch: 36
-> Epoch 1 | Batch: 37
-> Epoch 1 | Batch: 38
-> Epoch 1 | Batch: 39
-> Epoch 1 | Batch: 40
-> Epoch 1 | Batch: 41
-> Epoch 1 | Batch: 42
-> Epoch 1 | Batch: 43
-> Epoch 1 | Batch: 44
-> Epoch 1 | Batch: 45
-> Epoch 1 | Batch: 46
-> Epoch 1 | Batch: 47
-> Epoch 1 | Batch: 48
-> Epoch 1 | Batch: 49
-> Epoch 1 | Batch: 50
-> Epoch 1 | Batch: 51
-> Epoch 1 | Batch: 52
-> Epoch 1 | Batch: 53
-> Epoch 1 | Batch: 54
-> Epoch 1 | Batch: 55
-> Epoch 1 | Batch: 56
-> Epoch 1 | Batch: 57
-> Epoch 1 | Batch: 58
-> Epoch 1 | Avg Loss: 0.07022348445271916
[RANK 0 GPU 0] Epoch 2 | Batches: 157
-> Epoch 2 | Batch: 0
-> Epoch 2 | Batch: 1
-> Epoch 2 | Batch: 2
-> Epoch 2 | Batch: 3
-> Epoch 2 | Batch: 4
-> Epoch 2 | Batch: 5
-> Epoch 2 | Batch: 6
-> Epoch 2 | Batch: 7
-> Epoch 2 | Batch: 8
-> Epoch 2 | Batch: 9
-> Epoch 2 | Batch: 10
-> Epoch 2 | Batch: 11
-> Epoch 2 | Batch: 12
-> Epoch 2 | Batch: 13
-> Epoch 2 | Batch: 14
-> Epoch 2 | Batch: 15
-> Epoch 2 | Batch: 16
-> Epoch 2 | Batch: 17
-> Epoch 2 | Batch: 18
-> Epoch 2 | Batch: 19
-> Epoch 2 | Batch: 20
-> Epoch 2 | Batch: 21
-> Epoch 2 | Batch: 22
-> Epoch 2 | Batch: 23
-> Epoch 2 | Batch: 24
-> Epoch 2 | Batch: 25
-> Epoch 2 | Batch: 26
-> Epoch 2 | Batch: 27
-> Epoch 2 | Batch: 28
-> Epoch 2 | Batch: 29
-> Epoch 2 | Batch: 30
-> Epoch 2 | Batch: 31
-> Epoch 2 | Batch: 32
-> Epoch 2 | Batch: 33
-> Epoch 2 | Batch: 34
-> Epoch 2 | Batch: 35
-> Epoch 2 | Batch: 36
-> Epoch 2 | Batch: 37
-> Epoch 2 | Batch: 38
-> Epoch 2 | Batch: 39
-> Epoch 2 | Batch: 40
-> Epoch 2 | Batch: 41
-> Epoch 2 | Batch: 42
-> Epoch 2 | Batch: 43
-> Epoch 2 | Batch: 44
-> Epoch 2 | Batch: 45
-> Epoch 2 | Batch: 46
-> Epoch 2 | Batch: 47
-> Epoch 2 | Batch: 48
-> Epoch 2 | Batch: 49
-> Epoch 2 | Batch: 50
-> Epoch 2 | Batch: 51
-> Epoch 2 | Batch: 52
-> Epoch 2 | Batch: 53
-> Epoch 2 | Batch: 54
-> Epoch 2 | Batch: 55
-> Epoch 2 | Batch: 56
-> Epoch 2 | Batch: 57
-> Epoch 2 | Batch: 58
-> Epoch 2 | Avg Loss: 0.06619055762145101
[RANK 0 GPU 0] Epoch 3 | Batches: 157
-> Epoch 3 | Batch: 0
-> Epoch 3 | Batch: 1
-> Epoch 3 | Batch: 2
-> Epoch 3 | Batch: 3
-> Epoch 3 | Batch: 4
-> Epoch 3 | Batch: 5
-> Epoch 3 | Batch: 6
-> Epoch 3 | Batch: 7
-> Epoch 3 | Batch: 8
-> Epoch 3 | Batch: 9
-> Epoch 3 | Batch: 10
-> Epoch 3 | Batch: 11
-> Epoch 3 | Batch: 12
-> Epoch 3 | Batch: 13
-> Epoch 3 | Batch: 14
-> Epoch 3 | Batch: 15
-> Epoch 3 | Batch: 16
-> Epoch 3 | Batch: 17
-> Epoch 3 | Batch: 18
-> Epoch 3 | Batch: 19
-> Epoch 3 | Batch: 20
-> Epoch 3 | Batch: 21
-> Epoch 3 | Batch: 22
-> Epoch 3 | Batch: 23
-> Epoch 3 | Batch: 24
-> Epoch 3 | Batch: 25
-> Epoch 3 | Batch: 26
-> Epoch 3 | Batch: 27
-> Epoch 3 | Batch: 28
-> Epoch 3 | Batch: 29
-> Epoch 3 | Batch: 30
-> Epoch 3 | Batch: 31
-> Epoch 3 | Batch: 32
-> Epoch 3 | Batch: 33
-> Epoch 3 | Batch: 34
-> Epoch 3 | Batch: 35
-> Epoch 3 | Batch: 36
-> Epoch 3 | Batch: 37
-> Epoch 3 | Batch: 38
-> Epoch 3 | Batch: 39
-> Epoch 3 | Batch: 40
-> Epoch 3 | Batch: 41
-> Epoch 3 | Batch: 42
-> Epoch 3 | Batch: 43
-> Epoch 3 | Batch: 44
-> Epoch 3 | Batch: 45
-> Epoch 3 | Batch: 46
-> Epoch 3 | Batch: 47
-> Epoch 3 | Batch: 48
-> Epoch 3 | Batch: 49
-> Epoch 3 | Batch: 50
-> Epoch 3 | Batch: 51
-> Epoch 3 | Batch: 52
-> Epoch 3 | Batch: 53
-> Epoch 3 | Batch: 54
-> Epoch 3 | Batch: 55
-> Epoch 3 | Batch: 56
-> Epoch 3 | Batch: 57
-> Epoch 3 | Batch: 58
-> Epoch 3 | Avg Loss: 0.06328841931802237
[RANK 0 GPU 0] Epoch 4 | Batches: 157
-> Epoch 4 | Batch: 0
-> Epoch 4 | Batch: 1
-> Epoch 4 | Batch: 2
-> Epoch 4 | Batch: 3
-> Epoch 4 | Batch: 4
-> Epoch 4 | Batch: 5
-> Epoch 4 | Batch: 6
-> Epoch 4 | Batch: 7
-> Epoch 4 | Batch: 8
-> Epoch 4 | Batch: 9
-> Epoch 4 | Batch: 10
-> Epoch 4 | Batch: 11
-> Epoch 4 | Batch: 12
-> Epoch 4 | Batch: 13
-> Epoch 4 | Batch: 14
-> Epoch 4 | Batch: 15
-> Epoch 4 | Batch: 16
-> Epoch 4 | Batch: 17
-> Epoch 4 | Batch: 18
-> Epoch 4 | Batch: 19
-> Epoch 4 | Batch: 20
-> Epoch 4 | Batch: 21
-> Epoch 4 | Batch: 22
-> Epoch 4 | Batch: 23
-> Epoch 4 | Batch: 24
-> Epoch 4 | Batch: 25
-> Epoch 4 | Batch: 26
-> Epoch 4 | Batch: 27
-> Epoch 4 | Batch: 28
-> Epoch 4 | Batch: 29
-> Epoch 4 | Batch: 30
-> Epoch 4 | Batch: 31
-> Epoch 4 | Batch: 32
-> Epoch 4 | Batch: 33
-> Epoch 4 | Batch: 34
-> Epoch 4 | Batch: 35
-> Epoch 4 | Batch: 36
-> Epoch 4 | Batch: 37
-> Epoch 4 | Batch: 38
-> Epoch 4 | Batch: 39
-> Epoch 4 | Batch: 40
-> Epoch 4 | Batch: 41
-> Epoch 4 | Batch: 42
-> Epoch 4 | Batch: 43
-> Epoch 4 | Batch: 44
-> Epoch 4 | Batch: 45
-> Epoch 4 | Batch: 46
-> Epoch 4 | Batch: 47
-> Epoch 4 | Batch: 48
-> Epoch 4 | Batch: 49
-> Epoch 4 | Batch: 50
-> Epoch 4 | Batch: 51
-> Epoch 4 | Batch: 52
-> Epoch 4 | Batch: 53
-> Epoch 4 | Batch: 54
-> Epoch 4 | Batch: 55
-> Epoch 4 | Batch: 56
-> Epoch 4 | Batch: 57
-> Epoch 4 | Batch: 58
-> Epoch 4 | Avg Loss: 0.057772888221888474
Final execution time: 4.926967789000001s
[RANK 0] Training done.
