Mon Jun 23 12:07:53 2025       
+---------------------------------------------------------------------------------------+
| NVIDIA-SMI 530.30.02              Driver Version: 530.30.02    CUDA Version: 12.1     |
|-----------------------------------------+----------------------+----------------------+
| GPU  Name                  Persistence-M| Bus-Id        Disp.A | Volatile Uncorr. ECC |
| Fan  Temp  Perf            Pwr:Usage/Cap|         Memory-Usage | GPU-Util  Compute M. |
|                                         |                      |               MIG M. |
|=========================================+======================+======================|
|   0  NVIDIA A100-SXM-64GB            On | 00000000:1D:00.0 Off |                    0 |
| N/A   43C    P0               64W / 471W|      0MiB / 65536MiB |      0%      Default |
|                                         |                      |             Disabled |
+-----------------------------------------+----------------------+----------------------+
|   1  NVIDIA A100-SXM-64GB            On | 00000000:56:00.0 Off |                    0 |
| N/A   43C    P0               65W / 475W|      0MiB / 65536MiB |      0%      Default |
|                                         |                      |             Disabled |
+-----------------------------------------+----------------------+----------------------+
|   2  NVIDIA A100-SXM-64GB            On | 00000000:8F:00.0 Off |                    0 |
| N/A   43C    P0               61W / 454W|      0MiB / 65536MiB |      0%      Default |
|                                         |                      |             Disabled |
+-----------------------------------------+----------------------+----------------------+
|   3  NVIDIA A100-SXM-64GB            On | 00000000:C8:00.0 Off |                    0 |
| N/A   41C    P0               58W / 448W|      0MiB / 65536MiB |      0%      Default |
|                                         |                      |             Disabled |
+-----------------------------------------+----------------------+----------------------+
                                                                                         
+---------------------------------------------------------------------------------------+
| Processes:                                                                            |
|  GPU   GI   CI        PID   Type   Process name                            GPU Memory |
|        ID   ID                                                             Usage      |
|=======================================================================================|
|  No running processes found                                                           |
+---------------------------------------------------------------------------------------+
+ -------------- SLURM CHECK -------------- +
CUDA_VISIBLE_DEVICES=0,1,2,3
NODES=4
+ ----------------------------------------- +
+ ---------- TORCH LIBRARY CHECK ---------- +
PyTorch version: 2.7.1+cu126
PyTorch CUDA version: 12.6
PyTorch CUDNN version: 90501
GPUs per node 4
Training with GPUs :)
+ ----------------------------------------- +
[Rank 0] GPU_RANK=0 on CUDA device 0 hostname=lrdn0190.leonardo.local
[Rank 4] GPU_RANK=0 on CUDA device 0 hostname=lrdn0219.leonardo.local
[Rank 8] GPU_RANK=0 on CUDA device 0 hostname=lrdn0364.leonardo.local
[Rank 1] GPU_RANK=1 on CUDA device 1 hostname=lrdn0190.leonardo.local
[Rank 2] GPU_RANK=2 on CUDA device 2 hostname=lrdn0190.leonardo.local
[Rank 3] GPU_RANK=3 on CUDA device 3 hostname=lrdn0190.leonardo.local
[Rank 12] GPU_RANK=0 on CUDA device 0 hostname=lrdn3264.leonardo.local
[Rank 13] GPU_RANK=1 on CUDA device 1 hostname=lrdn3264.leonardo.local
[Rank 5] GPU_RANK=1 on CUDA device 1 hostname=lrdn0219.leonardo.local
[Rank 14] GPU_RANK=2 on CUDA device 2 hostname=lrdn3264.leonardo.local
[Rank 6] GPU_RANK=2 on CUDA device 2 hostname=lrdn0219.leonardo.local
[Rank 15] GPU_RANK=3 on CUDA device 3 hostname=lrdn3264.leonardo.local
[Rank 7] GPU_RANK=3 on CUDA device 3 hostname=lrdn0219.leonardo.local
[Rank 9] GPU_RANK=1 on CUDA device 1 hostname=lrdn0364.leonardo.local
[Rank 10] GPU_RANK=2 on CUDA device 2 hostname=lrdn0364.leonardo.local
[Rank 11] GPU_RANK=3 on CUDA device 3 hostname=lrdn0364.leonardo.local
[RANK 15] I have 3750 samples. From 56250 to 60000
[RANK 8] I have 3750 samples. From 30000 to 33750
[RANK 12] I have 3750 samples. From 45000 to 48750
[RANK 11] I have 3750 samples. From 41250 to 45000
[RANK 10] I have 3750 samples. From 37500 to 41250
[RANK 6] I have 3750 samples. From 22500 to 26250
[RANK 3] I have 3750 samples. From 11250 to 15000
[RANK 7] I have 3750 samples. From 26250 to 30000
[RANK 4] I have 3750 samples. From 15000 to 18750
[RANK 9] I have 3750 samples. From 33750 to 37500
[RANK 0] This dataset has 60000 samples
[RANK 1] I have 3750 samples. From 3750 to 7500
[RANK 14] I have 3750 samples. From 52500 to 56250
[RANK 0] I have 3750 samples. From 0 to 3750
[RANK 5] I have 3750 samples. From 18750 to 22500
[RANK 13] I have 3750 samples. From 48750 to 52500
[RANK 2] I have 3750 samples. From 7500 to 11250
[RANK 0] Trainer is running...
[RANK 0 GPU 0] Epoch 0 | Batches: 157
-> Epoch 0 | Batch: 0
-> Epoch 0 | Batch: 1
-> Epoch 0 | Batch: 2
-> Epoch 0 | Batch: 3
-> Epoch 0 | Batch: 4
-> Epoch 0 | Batch: 5
-> Epoch 0 | Batch: 6
-> Epoch 0 | Batch: 7
-> Epoch 0 | Batch: 8
-> Epoch 0 | Batch: 9
-> Epoch 0 | Batch: 10
-> Epoch 0 | Batch: 11
-> Epoch 0 | Batch: 12
-> Epoch 0 | Batch: 13
-> Epoch 0 | Batch: 14
-> Epoch 0 | Batch: 15
-> Epoch 0 | Batch: 16
-> Epoch 0 | Batch: 17
-> Epoch 0 | Batch: 18
-> Epoch 0 | Batch: 19
-> Epoch 0 | Batch: 20
-> Epoch 0 | Batch: 21
-> Epoch 0 | Batch: 22
-> Epoch 0 | Batch: 23
-> Epoch 0 | Batch: 24
-> Epoch 0 | Batch: 25
-> Epoch 0 | Batch: 26
-> Epoch 0 | Batch: 27
-> Epoch 0 | Batch: 28
-> Epoch 0 | Batch: 29
-> Epoch 0 | Batch: 30
-> Epoch 0 | Batch: 31
-> Epoch 0 | Batch: 32
-> Epoch 0 | Batch: 33
-> Epoch 0 | Batch: 34
-> Epoch 0 | Batch: 35
-> Epoch 0 | Batch: 36
-> Epoch 0 | Batch: 37
-> Epoch 0 | Batch: 38
-> Epoch 0 | Batch: 39
-> Epoch 0 | Batch: 40
-> Epoch 0 | Batch: 41
-> Epoch 0 | Batch: 42
-> Epoch 0 | Batch: 43
-> Epoch 0 | Batch: 44
-> Epoch 0 | Batch: 45
-> Epoch 0 | Batch: 46
-> Epoch 0 | Batch: 47
-> Epoch 0 | Batch: 48
-> Epoch 0 | Batch: 49
-> Epoch 0 | Batch: 50
-> Epoch 0 | Batch: 51
-> Epoch 0 | Batch: 52
-> Epoch 0 | Batch: 53
-> Epoch 0 | Batch: 54
-> Epoch 0 | Batch: 55
-> Epoch 0 | Batch: 56
-> Epoch 0 | Batch: 57
-> Epoch 0 | Batch: 58
-> Epoch 0 | Avg Loss: 0.11350408323519563
[RANK 0 GPU 0] Epoch 1 | Batches: 157
-> Epoch 1 | Batch: 0
-> Epoch 1 | Batch: 1
-> Epoch 1 | Batch: 2
-> Epoch 1 | Batch: 3
-> Epoch 1 | Batch: 4
-> Epoch 1 | Batch: 5
-> Epoch 1 | Batch: 6
-> Epoch 1 | Batch: 7
-> Epoch 1 | Batch: 8
-> Epoch 1 | Batch: 9
-> Epoch 1 | Batch: 10
-> Epoch 1 | Batch: 11
-> Epoch 1 | Batch: 12
-> Epoch 1 | Batch: 13
-> Epoch 1 | Batch: 14
-> Epoch 1 | Batch: 15
-> Epoch 1 | Batch: 16
-> Epoch 1 | Batch: 17
-> Epoch 1 | Batch: 18
-> Epoch 1 | Batch: 19
-> Epoch 1 | Batch: 20
-> Epoch 1 | Batch: 21
-> Epoch 1 | Batch: 22
-> Epoch 1 | Batch: 23
-> Epoch 1 | Batch: 24
-> Epoch 1 | Batch: 25
-> Epoch 1 | Batch: 26
-> Epoch 1 | Batch: 27
-> Epoch 1 | Batch: 28
-> Epoch 1 | Batch: 29
-> Epoch 1 | Batch: 30
-> Epoch 1 | Batch: 31
-> Epoch 1 | Batch: 32
-> Epoch 1 | Batch: 33
-> Epoch 1 | Batch: 34
-> Epoch 1 | Batch: 35
-> Epoch 1 | Batch: 36
-> Epoch 1 | Batch: 37
-> Epoch 1 | Batch: 38
-> Epoch 1 | Batch: 39
-> Epoch 1 | Batch: 40
-> Epoch 1 | Batch: 41
-> Epoch 1 | Batch: 42
-> Epoch 1 | Batch: 43
-> Epoch 1 | Batch: 44
-> Epoch 1 | Batch: 45
-> Epoch 1 | Batch: 46
-> Epoch 1 | Batch: 47
-> Epoch 1 | Batch: 48
-> Epoch 1 | Batch: 49
-> Epoch 1 | Batch: 50
-> Epoch 1 | Batch: 51
-> Epoch 1 | Batch: 52
-> Epoch 1 | Batch: 53
-> Epoch 1 | Batch: 54
-> Epoch 1 | Batch: 55
-> Epoch 1 | Batch: 56
-> Epoch 1 | Batch: 57
-> Epoch 1 | Batch: 58
-> Epoch 1 | Avg Loss: 0.07026215273713282
[RANK 0 GPU 0] Epoch 2 | Batches: 157
-> Epoch 2 | Batch: 0
-> Epoch 2 | Batch: 1
-> Epoch 2 | Batch: 2
-> Epoch 2 | Batch: 3
-> Epoch 2 | Batch: 4
-> Epoch 2 | Batch: 5
-> Epoch 2 | Batch: 6
-> Epoch 2 | Batch: 7
-> Epoch 2 | Batch: 8
-> Epoch 2 | Batch: 9
-> Epoch 2 | Batch: 10
-> Epoch 2 | Batch: 11
-> Epoch 2 | Batch: 12
-> Epoch 2 | Batch: 13
-> Epoch 2 | Batch: 14
-> Epoch 2 | Batch: 15
-> Epoch 2 | Batch: 16
-> Epoch 2 | Batch: 17
-> Epoch 2 | Batch: 18
-> Epoch 2 | Batch: 19
-> Epoch 2 | Batch: 20
-> Epoch 2 | Batch: 21
-> Epoch 2 | Batch: 22
-> Epoch 2 | Batch: 23
-> Epoch 2 | Batch: 24
-> Epoch 2 | Batch: 25
-> Epoch 2 | Batch: 26
-> Epoch 2 | Batch: 27
-> Epoch 2 | Batch: 28
-> Epoch 2 | Batch: 29
-> Epoch 2 | Batch: 30
-> Epoch 2 | Batch: 31
-> Epoch 2 | Batch: 32
-> Epoch 2 | Batch: 33
-> Epoch 2 | Batch: 34
-> Epoch 2 | Batch: 35
-> Epoch 2 | Batch: 36
-> Epoch 2 | Batch: 37
-> Epoch 2 | Batch: 38
-> Epoch 2 | Batch: 39
-> Epoch 2 | Batch: 40
-> Epoch 2 | Batch: 41
-> Epoch 2 | Batch: 42
-> Epoch 2 | Batch: 43
-> Epoch 2 | Batch: 44
-> Epoch 2 | Batch: 45
-> Epoch 2 | Batch: 46
-> Epoch 2 | Batch: 47
-> Epoch 2 | Batch: 48
-> Epoch 2 | Batch: 49
-> Epoch 2 | Batch: 50
-> Epoch 2 | Batch: 51
-> Epoch 2 | Batch: 52
-> Epoch 2 | Batch: 53
-> Epoch 2 | Batch: 54
-> Epoch 2 | Batch: 55
-> Epoch 2 | Batch: 56
-> Epoch 2 | Batch: 57
-> Epoch 2 | Batch: 58
-> Epoch 2 | Avg Loss: 0.06638277889529275
[RANK 0 GPU 0] Epoch 3 | Batches: 157
-> Epoch 3 | Batch: 0
-> Epoch 3 | Batch: 1
-> Epoch 3 | Batch: 2
-> Epoch 3 | Batch: 3
-> Epoch 3 | Batch: 4
-> Epoch 3 | Batch: 5
-> Epoch 3 | Batch: 6
-> Epoch 3 | Batch: 7
-> Epoch 3 | Batch: 8
-> Epoch 3 | Batch: 9
-> Epoch 3 | Batch: 10
-> Epoch 3 | Batch: 11
-> Epoch 3 | Batch: 12
-> Epoch 3 | Batch: 13
-> Epoch 3 | Batch: 14
-> Epoch 3 | Batch: 15
-> Epoch 3 | Batch: 16
-> Epoch 3 | Batch: 17
-> Epoch 3 | Batch: 18
-> Epoch 3 | Batch: 19
-> Epoch 3 | Batch: 20
-> Epoch 3 | Batch: 21
-> Epoch 3 | Batch: 22
-> Epoch 3 | Batch: 23
-> Epoch 3 | Batch: 24
-> Epoch 3 | Batch: 25
-> Epoch 3 | Batch: 26
-> Epoch 3 | Batch: 27
-> Epoch 3 | Batch: 28
-> Epoch 3 | Batch: 29
-> Epoch 3 | Batch: 30
-> Epoch 3 | Batch: 31
-> Epoch 3 | Batch: 32
-> Epoch 3 | Batch: 33
-> Epoch 3 | Batch: 34
-> Epoch 3 | Batch: 35
-> Epoch 3 | Batch: 36
-> Epoch 3 | Batch: 37
-> Epoch 3 | Batch: 38
-> Epoch 3 | Batch: 39
-> Epoch 3 | Batch: 40
-> Epoch 3 | Batch: 41
-> Epoch 3 | Batch: 42
-> Epoch 3 | Batch: 43
-> Epoch 3 | Batch: 44
-> Epoch 3 | Batch: 45
-> Epoch 3 | Batch: 46
-> Epoch 3 | Batch: 47
-> Epoch 3 | Batch: 48
-> Epoch 3 | Batch: 49
-> Epoch 3 | Batch: 50
-> Epoch 3 | Batch: 51
-> Epoch 3 | Batch: 52
-> Epoch 3 | Batch: 53
-> Epoch 3 | Batch: 54
-> Epoch 3 | Batch: 55
-> Epoch 3 | Batch: 56
-> Epoch 3 | Batch: 57
-> Epoch 3 | Batch: 58
-> Epoch 3 | Avg Loss: 0.06380742828566896
[RANK 0 GPU 0] Epoch 4 | Batches: 157
-> Epoch 4 | Batch: 0
-> Epoch 4 | Batch: 1
-> Epoch 4 | Batch: 2
-> Epoch 4 | Batch: 3
-> Epoch 4 | Batch: 4
-> Epoch 4 | Batch: 5
-> Epoch 4 | Batch: 6
-> Epoch 4 | Batch: 7
-> Epoch 4 | Batch: 8
-> Epoch 4 | Batch: 9
-> Epoch 4 | Batch: 10
-> Epoch 4 | Batch: 11
-> Epoch 4 | Batch: 12
-> Epoch 4 | Batch: 13
-> Epoch 4 | Batch: 14
-> Epoch 4 | Batch: 15
-> Epoch 4 | Batch: 16
-> Epoch 4 | Batch: 17
-> Epoch 4 | Batch: 18
-> Epoch 4 | Batch: 19
-> Epoch 4 | Batch: 20
-> Epoch 4 | Batch: 21
-> Epoch 4 | Batch: 22
-> Epoch 4 | Batch: 23
-> Epoch 4 | Batch: 24
-> Epoch 4 | Batch: 25
-> Epoch 4 | Batch: 26
-> Epoch 4 | Batch: 27
-> Epoch 4 | Batch: 28
-> Epoch 4 | Batch: 29
-> Epoch 4 | Batch: 30
-> Epoch 4 | Batch: 31
-> Epoch 4 | Batch: 32
-> Epoch 4 | Batch: 33
-> Epoch 4 | Batch: 34
-> Epoch 4 | Batch: 35
-> Epoch 4 | Batch: 36
-> Epoch 4 | Batch: 37
-> Epoch 4 | Batch: 38
-> Epoch 4 | Batch: 39
-> Epoch 4 | Batch: 40
-> Epoch 4 | Batch: 41
-> Epoch 4 | Batch: 42
-> Epoch 4 | Batch: 43
-> Epoch 4 | Batch: 44
-> Epoch 4 | Batch: 45
-> Epoch 4 | Batch: 46
-> Epoch 4 | Batch: 47
-> Epoch 4 | Batch: 48
-> Epoch 4 | Batch: 49
-> Epoch 4 | Batch: 50
-> Epoch 4 | Batch: 51
-> Epoch 4 | Batch: 52
-> Epoch 4 | Batch: 53
-> Epoch 4 | Batch: 54
-> Epoch 4 | Batch: 55
-> Epoch 4 | Batch: 56
-> Epoch 4 | Batch: 57
-> Epoch 4 | Batch: 58
-> Epoch 4 | Avg Loss: 0.05877365815153314
[RANK 0 GPU 0] Epoch 5 | Batches: 157
-> Epoch 5 | Batch: 0
-> Epoch 5 | Batch: 1
-> Epoch 5 | Batch: 2
-> Epoch 5 | Batch: 3
-> Epoch 5 | Batch: 4
-> Epoch 5 | Batch: 5
-> Epoch 5 | Batch: 6
-> Epoch 5 | Batch: 7
-> Epoch 5 | Batch: 8
-> Epoch 5 | Batch: 9
-> Epoch 5 | Batch: 10
-> Epoch 5 | Batch: 11
-> Epoch 5 | Batch: 12
-> Epoch 5 | Batch: 13
-> Epoch 5 | Batch: 14
-> Epoch 5 | Batch: 15
-> Epoch 5 | Batch: 16
-> Epoch 5 | Batch: 17
-> Epoch 5 | Batch: 18
-> Epoch 5 | Batch: 19
-> Epoch 5 | Batch: 20
-> Epoch 5 | Batch: 21
-> Epoch 5 | Batch: 22
-> Epoch 5 | Batch: 23
-> Epoch 5 | Batch: 24
-> Epoch 5 | Batch: 25
-> Epoch 5 | Batch: 26
-> Epoch 5 | Batch: 27
-> Epoch 5 | Batch: 28
-> Epoch 5 | Batch: 29
-> Epoch 5 | Batch: 30
-> Epoch 5 | Batch: 31
-> Epoch 5 | Batch: 32
-> Epoch 5 | Batch: 33
-> Epoch 5 | Batch: 34
-> Epoch 5 | Batch: 35
-> Epoch 5 | Batch: 36
-> Epoch 5 | Batch: 37
-> Epoch 5 | Batch: 38
-> Epoch 5 | Batch: 39
-> Epoch 5 | Batch: 40
-> Epoch 5 | Batch: 41
-> Epoch 5 | Batch: 42
-> Epoch 5 | Batch: 43
-> Epoch 5 | Batch: 44
-> Epoch 5 | Batch: 45
-> Epoch 5 | Batch: 46
-> Epoch 5 | Batch: 47
-> Epoch 5 | Batch: 48
-> Epoch 5 | Batch: 49
-> Epoch 5 | Batch: 50
-> Epoch 5 | Batch: 51
-> Epoch 5 | Batch: 52
-> Epoch 5 | Batch: 53
-> Epoch 5 | Batch: 54
-> Epoch 5 | Batch: 55
-> Epoch 5 | Batch: 56
-> Epoch 5 | Batch: 57
-> Epoch 5 | Batch: 58
-> Epoch 5 | Avg Loss: 0.05317326463459028
[RANK 0 GPU 0] Epoch 6 | Batches: 157
-> Epoch 6 | Batch: 0
-> Epoch 6 | Batch: 1
-> Epoch 6 | Batch: 2
-> Epoch 6 | Batch: 3
-> Epoch 6 | Batch: 4
-> Epoch 6 | Batch: 5
-> Epoch 6 | Batch: 6
-> Epoch 6 | Batch: 7
-> Epoch 6 | Batch: 8
-> Epoch 6 | Batch: 9
-> Epoch 6 | Batch: 10
-> Epoch 6 | Batch: 11
-> Epoch 6 | Batch: 12
-> Epoch 6 | Batch: 13
-> Epoch 6 | Batch: 14
-> Epoch 6 | Batch: 15
-> Epoch 6 | Batch: 16
-> Epoch 6 | Batch: 17
-> Epoch 6 | Batch: 18
-> Epoch 6 | Batch: 19
-> Epoch 6 | Batch: 20
-> Epoch 6 | Batch: 21
-> Epoch 6 | Batch: 22
-> Epoch 6 | Batch: 23
-> Epoch 6 | Batch: 24
-> Epoch 6 | Batch: 25
-> Epoch 6 | Batch: 26
-> Epoch 6 | Batch: 27
-> Epoch 6 | Batch: 28
-> Epoch 6 | Batch: 29
-> Epoch 6 | Batch: 30
-> Epoch 6 | Batch: 31
-> Epoch 6 | Batch: 32
-> Epoch 6 | Batch: 33
-> Epoch 6 | Batch: 34
-> Epoch 6 | Batch: 35
-> Epoch 6 | Batch: 36
-> Epoch 6 | Batch: 37
-> Epoch 6 | Batch: 38
-> Epoch 6 | Batch: 39
-> Epoch 6 | Batch: 40
-> Epoch 6 | Batch: 41
-> Epoch 6 | Batch: 42
-> Epoch 6 | Batch: 43
-> Epoch 6 | Batch: 44
-> Epoch 6 | Batch: 45
-> Epoch 6 | Batch: 46
-> Epoch 6 | Batch: 47
-> Epoch 6 | Batch: 48
-> Epoch 6 | Batch: 49
-> Epoch 6 | Batch: 50
-> Epoch 6 | Batch: 51
-> Epoch 6 | Batch: 52
-> Epoch 6 | Batch: 53
-> Epoch 6 | Batch: 54
-> Epoch 6 | Batch: 55
-> Epoch 6 | Batch: 56
-> Epoch 6 | Batch: 57
-> Epoch 6 | Batch: 58
-> Epoch 6 | Avg Loss: 0.04874610645159827
[RANK 0 GPU 0] Epoch 7 | Batches: 157
-> Epoch 7 | Batch: 0
-> Epoch 7 | Batch: 1
-> Epoch 7 | Batch: 2
-> Epoch 7 | Batch: 3
-> Epoch 7 | Batch: 4
-> Epoch 7 | Batch: 5
-> Epoch 7 | Batch: 6
-> Epoch 7 | Batch: 7
-> Epoch 7 | Batch: 8
-> Epoch 7 | Batch: 9
-> Epoch 7 | Batch: 10
-> Epoch 7 | Batch: 11
-> Epoch 7 | Batch: 12
-> Epoch 7 | Batch: 13
-> Epoch 7 | Batch: 14
-> Epoch 7 | Batch: 15
-> Epoch 7 | Batch: 16
-> Epoch 7 | Batch: 17
-> Epoch 7 | Batch: 18
-> Epoch 7 | Batch: 19
-> Epoch 7 | Batch: 20
-> Epoch 7 | Batch: 21
-> Epoch 7 | Batch: 22
-> Epoch 7 | Batch: 23
-> Epoch 7 | Batch: 24
-> Epoch 7 | Batch: 25
-> Epoch 7 | Batch: 26
-> Epoch 7 | Batch: 27
-> Epoch 7 | Batch: 28
-> Epoch 7 | Batch: 29
-> Epoch 7 | Batch: 30
-> Epoch 7 | Batch: 31
-> Epoch 7 | Batch: 32
-> Epoch 7 | Batch: 33
-> Epoch 7 | Batch: 34
-> Epoch 7 | Batch: 35
-> Epoch 7 | Batch: 36
-> Epoch 7 | Batch: 37
-> Epoch 7 | Batch: 38
-> Epoch 7 | Batch: 39
-> Epoch 7 | Batch: 40
-> Epoch 7 | Batch: 41
-> Epoch 7 | Batch: 42
-> Epoch 7 | Batch: 43
-> Epoch 7 | Batch: 44
-> Epoch 7 | Batch: 45
-> Epoch 7 | Batch: 46
-> Epoch 7 | Batch: 47
-> Epoch 7 | Batch: 48
-> Epoch 7 | Batch: 49
-> Epoch 7 | Batch: 50
-> Epoch 7 | Batch: 51
-> Epoch 7 | Batch: 52
-> Epoch 7 | Batch: 53
-> Epoch 7 | Batch: 54
-> Epoch 7 | Batch: 55
-> Epoch 7 | Batch: 56
-> Epoch 7 | Batch: 57
-> Epoch 7 | Batch: 58
-> Epoch 7 | Avg Loss: 0.04441668327613654
[RANK 0 GPU 0] Epoch 8 | Batches: 157
-> Epoch 8 | Batch: 0
-> Epoch 8 | Batch: 1
-> Epoch 8 | Batch: 2
-> Epoch 8 | Batch: 3
-> Epoch 8 | Batch: 4
-> Epoch 8 | Batch: 5
-> Epoch 8 | Batch: 6
-> Epoch 8 | Batch: 7
-> Epoch 8 | Batch: 8
-> Epoch 8 | Batch: 9
-> Epoch 8 | Batch: 10
-> Epoch 8 | Batch: 11
-> Epoch 8 | Batch: 12
-> Epoch 8 | Batch: 13
-> Epoch 8 | Batch: 14
-> Epoch 8 | Batch: 15
-> Epoch 8 | Batch: 16
-> Epoch 8 | Batch: 17
-> Epoch 8 | Batch: 18
-> Epoch 8 | Batch: 19
-> Epoch 8 | Batch: 20
-> Epoch 8 | Batch: 21
-> Epoch 8 | Batch: 22
-> Epoch 8 | Batch: 23
-> Epoch 8 | Batch: 24
-> Epoch 8 | Batch: 25
-> Epoch 8 | Batch: 26
-> Epoch 8 | Batch: 27
-> Epoch 8 | Batch: 28
-> Epoch 8 | Batch: 29
-> Epoch 8 | Batch: 30
-> Epoch 8 | Batch: 31
-> Epoch 8 | Batch: 32
-> Epoch 8 | Batch: 33
-> Epoch 8 | Batch: 34
-> Epoch 8 | Batch: 35
-> Epoch 8 | Batch: 36
-> Epoch 8 | Batch: 37
-> Epoch 8 | Batch: 38
-> Epoch 8 | Batch: 39
-> Epoch 8 | Batch: 40
-> Epoch 8 | Batch: 41
-> Epoch 8 | Batch: 42
-> Epoch 8 | Batch: 43
-> Epoch 8 | Batch: 44
-> Epoch 8 | Batch: 45
-> Epoch 8 | Batch: 46
-> Epoch 8 | Batch: 47
-> Epoch 8 | Batch: 48
-> Epoch 8 | Batch: 49
-> Epoch 8 | Batch: 50
-> Epoch 8 | Batch: 51
-> Epoch 8 | Batch: 52
-> Epoch 8 | Batch: 53
-> Epoch 8 | Batch: 54
-> Epoch 8 | Batch: 55
-> Epoch 8 | Batch: 56
-> Epoch 8 | Batch: 57
-> Epoch 8 | Batch: 58
-> Epoch 8 | Avg Loss: 0.0419823800103139
[RANK 0 GPU 0] Epoch 9 | Batches: 157
-> Epoch 9 | Batch: 0
-> Epoch 9 | Batch: 1
-> Epoch 9 | Batch: 2
-> Epoch 9 | Batch: 3
-> Epoch 9 | Batch: 4
-> Epoch 9 | Batch: 5
-> Epoch 9 | Batch: 6
-> Epoch 9 | Batch: 7
-> Epoch 9 | Batch: 8
-> Epoch 9 | Batch: 9
-> Epoch 9 | Batch: 10
-> Epoch 9 | Batch: 11
-> Epoch 9 | Batch: 12
-> Epoch 9 | Batch: 13
-> Epoch 9 | Batch: 14
-> Epoch 9 | Batch: 15
-> Epoch 9 | Batch: 16
-> Epoch 9 | Batch: 17
-> Epoch 9 | Batch: 18
-> Epoch 9 | Batch: 19
-> Epoch 9 | Batch: 20
-> Epoch 9 | Batch: 21
-> Epoch 9 | Batch: 22
-> Epoch 9 | Batch: 23
-> Epoch 9 | Batch: 24
-> Epoch 9 | Batch: 25
-> Epoch 9 | Batch: 26
-> Epoch 9 | Batch: 27
-> Epoch 9 | Batch: 28
-> Epoch 9 | Batch: 29
-> Epoch 9 | Batch: 30
-> Epoch 9 | Batch: 31
-> Epoch 9 | Batch: 32
-> Epoch 9 | Batch: 33
-> Epoch 9 | Batch: 34
-> Epoch 9 | Batch: 35
-> Epoch 9 | Batch: 36
-> Epoch 9 | Batch: 37
-> Epoch 9 | Batch: 38
-> Epoch 9 | Batch: 39
-> Epoch 9 | Batch: 40
-> Epoch 9 | Batch: 41
-> Epoch 9 | Batch: 42
-> Epoch 9 | Batch: 43
-> Epoch 9 | Batch: 44
-> Epoch 9 | Batch: 45
-> Epoch 9 | Batch: 46
-> Epoch 9 | Batch: 47
-> Epoch 9 | Batch: 48
-> Epoch 9 | Batch: 49
-> Epoch 9 | Batch: 50
-> Epoch 9 | Batch: 51
-> Epoch 9 | Batch: 52
-> Epoch 9 | Batch: 53
-> Epoch 9 | Batch: 54
-> Epoch 9 | Batch: 55
-> Epoch 9 | Batch: 56
-> Epoch 9 | Batch: 57
-> Epoch 9 | Batch: 58
-> Epoch 9 | Avg Loss: 0.040377359979359775
[RANK 0 GPU 0] Epoch 10 | Batches: 157
-> Epoch 10 | Batch: 0
-> Epoch 10 | Batch: 1
-> Epoch 10 | Batch: 2
-> Epoch 10 | Batch: 3
-> Epoch 10 | Batch: 4
-> Epoch 10 | Batch: 5
-> Epoch 10 | Batch: 6
-> Epoch 10 | Batch: 7
-> Epoch 10 | Batch: 8
-> Epoch 10 | Batch: 9
-> Epoch 10 | Batch: 10
-> Epoch 10 | Batch: 11
-> Epoch 10 | Batch: 12
-> Epoch 10 | Batch: 13
-> Epoch 10 | Batch: 14
-> Epoch 10 | Batch: 15
-> Epoch 10 | Batch: 16
-> Epoch 10 | Batch: 17
-> Epoch 10 | Batch: 18
-> Epoch 10 | Batch: 19
-> Epoch 10 | Batch: 20
-> Epoch 10 | Batch: 21
-> Epoch 10 | Batch: 22
-> Epoch 10 | Batch: 23
-> Epoch 10 | Batch: 24
-> Epoch 10 | Batch: 25
-> Epoch 10 | Batch: 26
-> Epoch 10 | Batch: 27
-> Epoch 10 | Batch: 28
-> Epoch 10 | Batch: 29
-> Epoch 10 | Batch: 30
-> Epoch 10 | Batch: 31
-> Epoch 10 | Batch: 32
-> Epoch 10 | Batch: 33
-> Epoch 10 | Batch: 34
-> Epoch 10 | Batch: 35
-> Epoch 10 | Batch: 36
-> Epoch 10 | Batch: 37
-> Epoch 10 | Batch: 38
-> Epoch 10 | Batch: 39
-> Epoch 10 | Batch: 40
-> Epoch 10 | Batch: 41
-> Epoch 10 | Batch: 42
-> Epoch 10 | Batch: 43
-> Epoch 10 | Batch: 44
-> Epoch 10 | Batch: 45
-> Epoch 10 | Batch: 46
-> Epoch 10 | Batch: 47
-> Epoch 10 | Batch: 48
-> Epoch 10 | Batch: 49
-> Epoch 10 | Batch: 50
-> Epoch 10 | Batch: 51
-> Epoch 10 | Batch: 52
-> Epoch 10 | Batch: 53
-> Epoch 10 | Batch: 54
-> Epoch 10 | Batch: 55
-> Epoch 10 | Batch: 56
-> Epoch 10 | Batch: 57
-> Epoch 10 | Batch: 58
-> Epoch 10 | Avg Loss: 0.0388967470084396
[RANK 0 GPU 0] Epoch 11 | Batches: 157
-> Epoch 11 | Batch: 0
-> Epoch 11 | Batch: 1
-> Epoch 11 | Batch: 2
-> Epoch 11 | Batch: 3
-> Epoch 11 | Batch: 4
-> Epoch 11 | Batch: 5
-> Epoch 11 | Batch: 6
-> Epoch 11 | Batch: 7
-> Epoch 11 | Batch: 8
-> Epoch 11 | Batch: 9
-> Epoch 11 | Batch: 10
-> Epoch 11 | Batch: 11
-> Epoch 11 | Batch: 12
-> Epoch 11 | Batch: 13
-> Epoch 11 | Batch: 14
-> Epoch 11 | Batch: 15
-> Epoch 11 | Batch: 16
-> Epoch 11 | Batch: 17
-> Epoch 11 | Batch: 18
-> Epoch 11 | Batch: 19
-> Epoch 11 | Batch: 20
-> Epoch 11 | Batch: 21
-> Epoch 11 | Batch: 22
-> Epoch 11 | Batch: 23
-> Epoch 11 | Batch: 24
-> Epoch 11 | Batch: 25
-> Epoch 11 | Batch: 26
-> Epoch 11 | Batch: 27
-> Epoch 11 | Batch: 28
-> Epoch 11 | Batch: 29
-> Epoch 11 | Batch: 30
-> Epoch 11 | Batch: 31
-> Epoch 11 | Batch: 32
-> Epoch 11 | Batch: 33
-> Epoch 11 | Batch: 34
-> Epoch 11 | Batch: 35
-> Epoch 11 | Batch: 36
-> Epoch 11 | Batch: 37
-> Epoch 11 | Batch: 38
-> Epoch 11 | Batch: 39
-> Epoch 11 | Batch: 40
-> Epoch 11 | Batch: 41
-> Epoch 11 | Batch: 42
-> Epoch 11 | Batch: 43
-> Epoch 11 | Batch: 44
-> Epoch 11 | Batch: 45
-> Epoch 11 | Batch: 46
-> Epoch 11 | Batch: 47
-> Epoch 11 | Batch: 48
-> Epoch 11 | Batch: 49
-> Epoch 11 | Batch: 50
-> Epoch 11 | Batch: 51
-> Epoch 11 | Batch: 52
-> Epoch 11 | Batch: 53
-> Epoch 11 | Batch: 54
-> Epoch 11 | Batch: 55
-> Epoch 11 | Batch: 56
-> Epoch 11 | Batch: 57
-> Epoch 11 | Batch: 58
-> Epoch 11 | Avg Loss: 0.037572819932947976
[RANK 0 GPU 0] Epoch 12 | Batches: 157
-> Epoch 12 | Batch: 0
-> Epoch 12 | Batch: 1
-> Epoch 12 | Batch: 2
-> Epoch 12 | Batch: 3
-> Epoch 12 | Batch: 4
-> Epoch 12 | Batch: 5
-> Epoch 12 | Batch: 6
-> Epoch 12 | Batch: 7
-> Epoch 12 | Batch: 8
-> Epoch 12 | Batch: 9
-> Epoch 12 | Batch: 10
-> Epoch 12 | Batch: 11
-> Epoch 12 | Batch: 12
-> Epoch 12 | Batch: 13
-> Epoch 12 | Batch: 14
-> Epoch 12 | Batch: 15
-> Epoch 12 | Batch: 16
-> Epoch 12 | Batch: 17
-> Epoch 12 | Batch: 18
-> Epoch 12 | Batch: 19
-> Epoch 12 | Batch: 20
-> Epoch 12 | Batch: 21
-> Epoch 12 | Batch: 22
-> Epoch 12 | Batch: 23
-> Epoch 12 | Batch: 24
-> Epoch 12 | Batch: 25
-> Epoch 12 | Batch: 26
-> Epoch 12 | Batch: 27
-> Epoch 12 | Batch: 28
-> Epoch 12 | Batch: 29
-> Epoch 12 | Batch: 30
-> Epoch 12 | Batch: 31
-> Epoch 12 | Batch: 32
-> Epoch 12 | Batch: 33
-> Epoch 12 | Batch: 34
-> Epoch 12 | Batch: 35
-> Epoch 12 | Batch: 36
-> Epoch 12 | Batch: 37
-> Epoch 12 | Batch: 38
-> Epoch 12 | Batch: 39
-> Epoch 12 | Batch: 40
-> Epoch 12 | Batch: 41
-> Epoch 12 | Batch: 42
-> Epoch 12 | Batch: 43
-> Epoch 12 | Batch: 44
-> Epoch 12 | Batch: 45
-> Epoch 12 | Batch: 46
-> Epoch 12 | Batch: 47
-> Epoch 12 | Batch: 48
-> Epoch 12 | Batch: 49
-> Epoch 12 | Batch: 50
-> Epoch 12 | Batch: 51
-> Epoch 12 | Batch: 52
-> Epoch 12 | Batch: 53
-> Epoch 12 | Batch: 54
-> Epoch 12 | Batch: 55
-> Epoch 12 | Batch: 56
-> Epoch 12 | Batch: 57
-> Epoch 12 | Batch: 58
-> Epoch 12 | Avg Loss: 0.03652439250658124
[RANK 0 GPU 0] Epoch 13 | Batches: 157
-> Epoch 13 | Batch: 0
-> Epoch 13 | Batch: 1
-> Epoch 13 | Batch: 2
-> Epoch 13 | Batch: 3
-> Epoch 13 | Batch: 4
-> Epoch 13 | Batch: 5
-> Epoch 13 | Batch: 6
-> Epoch 13 | Batch: 7
-> Epoch 13 | Batch: 8
-> Epoch 13 | Batch: 9
-> Epoch 13 | Batch: 10
-> Epoch 13 | Batch: 11
-> Epoch 13 | Batch: 12
-> Epoch 13 | Batch: 13
-> Epoch 13 | Batch: 14
-> Epoch 13 | Batch: 15
-> Epoch 13 | Batch: 16
-> Epoch 13 | Batch: 17
-> Epoch 13 | Batch: 18
-> Epoch 13 | Batch: 19
-> Epoch 13 | Batch: 20
-> Epoch 13 | Batch: 21
-> Epoch 13 | Batch: 22
-> Epoch 13 | Batch: 23
-> Epoch 13 | Batch: 24
-> Epoch 13 | Batch: 25
-> Epoch 13 | Batch: 26
-> Epoch 13 | Batch: 27
-> Epoch 13 | Batch: 28
-> Epoch 13 | Batch: 29
-> Epoch 13 | Batch: 30
-> Epoch 13 | Batch: 31
-> Epoch 13 | Batch: 32
-> Epoch 13 | Batch: 33
-> Epoch 13 | Batch: 34
-> Epoch 13 | Batch: 35
-> Epoch 13 | Batch: 36
-> Epoch 13 | Batch: 37
-> Epoch 13 | Batch: 38
-> Epoch 13 | Batch: 39
-> Epoch 13 | Batch: 40
-> Epoch 13 | Batch: 41
-> Epoch 13 | Batch: 42
-> Epoch 13 | Batch: 43
-> Epoch 13 | Batch: 44
-> Epoch 13 | Batch: 45
-> Epoch 13 | Batch: 46
-> Epoch 13 | Batch: 47
-> Epoch 13 | Batch: 48
-> Epoch 13 | Batch: 49
-> Epoch 13 | Batch: 50
-> Epoch 13 | Batch: 51
-> Epoch 13 | Batch: 52
-> Epoch 13 | Batch: 53
-> Epoch 13 | Batch: 54
-> Epoch 13 | Batch: 55
-> Epoch 13 | Batch: 56
-> Epoch 13 | Batch: 57
-> Epoch 13 | Batch: 58
-> Epoch 13 | Avg Loss: 0.03518200465043912
[RANK 0 GPU 0] Epoch 14 | Batches: 157
-> Epoch 14 | Batch: 0
-> Epoch 14 | Batch: 1
-> Epoch 14 | Batch: 2
-> Epoch 14 | Batch: 3
-> Epoch 14 | Batch: 4
-> Epoch 14 | Batch: 5
-> Epoch 14 | Batch: 6
-> Epoch 14 | Batch: 7
-> Epoch 14 | Batch: 8
-> Epoch 14 | Batch: 9
-> Epoch 14 | Batch: 10
-> Epoch 14 | Batch: 11
-> Epoch 14 | Batch: 12
-> Epoch 14 | Batch: 13
-> Epoch 14 | Batch: 14
-> Epoch 14 | Batch: 15
-> Epoch 14 | Batch: 16
-> Epoch 14 | Batch: 17
-> Epoch 14 | Batch: 18
-> Epoch 14 | Batch: 19
-> Epoch 14 | Batch: 20
-> Epoch 14 | Batch: 21
-> Epoch 14 | Batch: 22
-> Epoch 14 | Batch: 23
-> Epoch 14 | Batch: 24
-> Epoch 14 | Batch: 25
-> Epoch 14 | Batch: 26
-> Epoch 14 | Batch: 27
-> Epoch 14 | Batch: 28
-> Epoch 14 | Batch: 29
-> Epoch 14 | Batch: 30
-> Epoch 14 | Batch: 31
-> Epoch 14 | Batch: 32
-> Epoch 14 | Batch: 33
-> Epoch 14 | Batch: 34
-> Epoch 14 | Batch: 35
-> Epoch 14 | Batch: 36
-> Epoch 14 | Batch: 37
-> Epoch 14 | Batch: 38
-> Epoch 14 | Batch: 39
-> Epoch 14 | Batch: 40
-> Epoch 14 | Batch: 41
-> Epoch 14 | Batch: 42
-> Epoch 14 | Batch: 43
-> Epoch 14 | Batch: 44
-> Epoch 14 | Batch: 45
-> Epoch 14 | Batch: 46
-> Epoch 14 | Batch: 47
-> Epoch 14 | Batch: 48
-> Epoch 14 | Batch: 49
-> Epoch 14 | Batch: 50
-> Epoch 14 | Batch: 51
-> Epoch 14 | Batch: 52
-> Epoch 14 | Batch: 53
-> Epoch 14 | Batch: 54
-> Epoch 14 | Batch: 55
-> Epoch 14 | Batch: 56
-> Epoch 14 | Batch: 57
-> Epoch 14 | Batch: 58
-> Epoch 14 | Avg Loss: 0.03402061678737528
[RANK 0 GPU 0] Epoch 15 | Batches: 157
-> Epoch 15 | Batch: 0
-> Epoch 15 | Batch: 1
-> Epoch 15 | Batch: 2
-> Epoch 15 | Batch: 3
-> Epoch 15 | Batch: 4
-> Epoch 15 | Batch: 5
-> Epoch 15 | Batch: 6
-> Epoch 15 | Batch: 7
-> Epoch 15 | Batch: 8
-> Epoch 15 | Batch: 9
-> Epoch 15 | Batch: 10
-> Epoch 15 | Batch: 11
-> Epoch 15 | Batch: 12
-> Epoch 15 | Batch: 13
-> Epoch 15 | Batch: 14
-> Epoch 15 | Batch: 15
-> Epoch 15 | Batch: 16
-> Epoch 15 | Batch: 17
-> Epoch 15 | Batch: 18
-> Epoch 15 | Batch: 19
-> Epoch 15 | Batch: 20
-> Epoch 15 | Batch: 21
-> Epoch 15 | Batch: 22
-> Epoch 15 | Batch: 23
-> Epoch 15 | Batch: 24
-> Epoch 15 | Batch: 25
-> Epoch 15 | Batch: 26
-> Epoch 15 | Batch: 27
-> Epoch 15 | Batch: 28
-> Epoch 15 | Batch: 29
-> Epoch 15 | Batch: 30
-> Epoch 15 | Batch: 31
-> Epoch 15 | Batch: 32
-> Epoch 15 | Batch: 33
-> Epoch 15 | Batch: 34
-> Epoch 15 | Batch: 35
-> Epoch 15 | Batch: 36
-> Epoch 15 | Batch: 37
-> Epoch 15 | Batch: 38
-> Epoch 15 | Batch: 39
-> Epoch 15 | Batch: 40
-> Epoch 15 | Batch: 41
-> Epoch 15 | Batch: 42
-> Epoch 15 | Batch: 43
-> Epoch 15 | Batch: 44
-> Epoch 15 | Batch: 45
-> Epoch 15 | Batch: 46
-> Epoch 15 | Batch: 47
-> Epoch 15 | Batch: 48
-> Epoch 15 | Batch: 49
-> Epoch 15 | Batch: 50
-> Epoch 15 | Batch: 51
-> Epoch 15 | Batch: 52
-> Epoch 15 | Batch: 53
-> Epoch 15 | Batch: 54
-> Epoch 15 | Batch: 55
-> Epoch 15 | Batch: 56
-> Epoch 15 | Batch: 57
-> Epoch 15 | Batch: 58
-> Epoch 15 | Avg Loss: 0.03289775298198022
[RANK 0 GPU 0] Epoch 16 | Batches: 157
-> Epoch 16 | Batch: 0
-> Epoch 16 | Batch: 1
-> Epoch 16 | Batch: 2
-> Epoch 16 | Batch: 3
-> Epoch 16 | Batch: 4
-> Epoch 16 | Batch: 5
-> Epoch 16 | Batch: 6
-> Epoch 16 | Batch: 7
-> Epoch 16 | Batch: 8
-> Epoch 16 | Batch: 9
-> Epoch 16 | Batch: 10
-> Epoch 16 | Batch: 11
-> Epoch 16 | Batch: 12
-> Epoch 16 | Batch: 13
-> Epoch 16 | Batch: 14
-> Epoch 16 | Batch: 15
-> Epoch 16 | Batch: 16
-> Epoch 16 | Batch: 17
-> Epoch 16 | Batch: 18
-> Epoch 16 | Batch: 19
-> Epoch 16 | Batch: 20
-> Epoch 16 | Batch: 21
-> Epoch 16 | Batch: 22
-> Epoch 16 | Batch: 23
-> Epoch 16 | Batch: 24
-> Epoch 16 | Batch: 25
-> Epoch 16 | Batch: 26
-> Epoch 16 | Batch: 27
-> Epoch 16 | Batch: 28
-> Epoch 16 | Batch: 29
-> Epoch 16 | Batch: 30
-> Epoch 16 | Batch: 31
-> Epoch 16 | Batch: 32
-> Epoch 16 | Batch: 33
-> Epoch 16 | Batch: 34
-> Epoch 16 | Batch: 35
-> Epoch 16 | Batch: 36
-> Epoch 16 | Batch: 37
-> Epoch 16 | Batch: 38
-> Epoch 16 | Batch: 39
-> Epoch 16 | Batch: 40
-> Epoch 16 | Batch: 41
-> Epoch 16 | Batch: 42
-> Epoch 16 | Batch: 43
-> Epoch 16 | Batch: 44
-> Epoch 16 | Batch: 45
-> Epoch 16 | Batch: 46
-> Epoch 16 | Batch: 47
-> Epoch 16 | Batch: 48
-> Epoch 16 | Batch: 49
-> Epoch 16 | Batch: 50
-> Epoch 16 | Batch: 51
-> Epoch 16 | Batch: 52
-> Epoch 16 | Batch: 53
-> Epoch 16 | Batch: 54
-> Epoch 16 | Batch: 55
-> Epoch 16 | Batch: 56
-> Epoch 16 | Batch: 57
-> Epoch 16 | Batch: 58
-> Epoch 16 | Avg Loss: 0.03186444497383121
[RANK 0 GPU 0] Epoch 17 | Batches: 157
-> Epoch 17 | Batch: 0
-> Epoch 17 | Batch: 1
-> Epoch 17 | Batch: 2
-> Epoch 17 | Batch: 3
-> Epoch 17 | Batch: 4
-> Epoch 17 | Batch: 5
-> Epoch 17 | Batch: 6
-> Epoch 17 | Batch: 7
-> Epoch 17 | Batch: 8
-> Epoch 17 | Batch: 9
-> Epoch 17 | Batch: 10
-> Epoch 17 | Batch: 11
-> Epoch 17 | Batch: 12
-> Epoch 17 | Batch: 13
-> Epoch 17 | Batch: 14
-> Epoch 17 | Batch: 15
-> Epoch 17 | Batch: 16
-> Epoch 17 | Batch: 17
-> Epoch 17 | Batch: 18
-> Epoch 17 | Batch: 19
-> Epoch 17 | Batch: 20
-> Epoch 17 | Batch: 21
-> Epoch 17 | Batch: 22
-> Epoch 17 | Batch: 23
-> Epoch 17 | Batch: 24
-> Epoch 17 | Batch: 25
-> Epoch 17 | Batch: 26
-> Epoch 17 | Batch: 27
-> Epoch 17 | Batch: 28
-> Epoch 17 | Batch: 29
-> Epoch 17 | Batch: 30
-> Epoch 17 | Batch: 31
-> Epoch 17 | Batch: 32
-> Epoch 17 | Batch: 33
-> Epoch 17 | Batch: 34
-> Epoch 17 | Batch: 35
-> Epoch 17 | Batch: 36
-> Epoch 17 | Batch: 37
-> Epoch 17 | Batch: 38
-> Epoch 17 | Batch: 39
-> Epoch 17 | Batch: 40
-> Epoch 17 | Batch: 41
-> Epoch 17 | Batch: 42
-> Epoch 17 | Batch: 43
-> Epoch 17 | Batch: 44
-> Epoch 17 | Batch: 45
-> Epoch 17 | Batch: 46
-> Epoch 17 | Batch: 47
-> Epoch 17 | Batch: 48
-> Epoch 17 | Batch: 49
-> Epoch 17 | Batch: 50
-> Epoch 17 | Batch: 51
-> Epoch 17 | Batch: 52
-> Epoch 17 | Batch: 53
-> Epoch 17 | Batch: 54
-> Epoch 17 | Batch: 55
-> Epoch 17 | Batch: 56
-> Epoch 17 | Batch: 57
-> Epoch 17 | Batch: 58
-> Epoch 17 | Avg Loss: 0.030979762779217275
[RANK 0 GPU 0] Epoch 18 | Batches: 157
-> Epoch 18 | Batch: 0
-> Epoch 18 | Batch: 1
-> Epoch 18 | Batch: 2
-> Epoch 18 | Batch: 3
-> Epoch 18 | Batch: 4
-> Epoch 18 | Batch: 5
-> Epoch 18 | Batch: 6
-> Epoch 18 | Batch: 7
-> Epoch 18 | Batch: 8
-> Epoch 18 | Batch: 9
-> Epoch 18 | Batch: 10
-> Epoch 18 | Batch: 11
-> Epoch 18 | Batch: 12
-> Epoch 18 | Batch: 13
-> Epoch 18 | Batch: 14
-> Epoch 18 | Batch: 15
-> Epoch 18 | Batch: 16
-> Epoch 18 | Batch: 17
-> Epoch 18 | Batch: 18
-> Epoch 18 | Batch: 19
-> Epoch 18 | Batch: 20
-> Epoch 18 | Batch: 21
-> Epoch 18 | Batch: 22
-> Epoch 18 | Batch: 23
-> Epoch 18 | Batch: 24
-> Epoch 18 | Batch: 25
-> Epoch 18 | Batch: 26
-> Epoch 18 | Batch: 27
-> Epoch 18 | Batch: 28
-> Epoch 18 | Batch: 29
-> Epoch 18 | Batch: 30
-> Epoch 18 | Batch: 31
-> Epoch 18 | Batch: 32
-> Epoch 18 | Batch: 33
-> Epoch 18 | Batch: 34
-> Epoch 18 | Batch: 35
-> Epoch 18 | Batch: 36
-> Epoch 18 | Batch: 37
-> Epoch 18 | Batch: 38
-> Epoch 18 | Batch: 39
-> Epoch 18 | Batch: 40
-> Epoch 18 | Batch: 41
-> Epoch 18 | Batch: 42
-> Epoch 18 | Batch: 43
-> Epoch 18 | Batch: 44
-> Epoch 18 | Batch: 45
-> Epoch 18 | Batch: 46
-> Epoch 18 | Batch: 47
-> Epoch 18 | Batch: 48
-> Epoch 18 | Batch: 49
-> Epoch 18 | Batch: 50
-> Epoch 18 | Batch: 51
-> Epoch 18 | Batch: 52
-> Epoch 18 | Batch: 53
-> Epoch 18 | Batch: 54
-> Epoch 18 | Batch: 55
-> Epoch 18 | Batch: 56
-> Epoch 18 | Batch: 57
-> Epoch 18 | Batch: 58
-> Epoch 18 | Avg Loss: 0.030056098209678243
[RANK 0 GPU 0] Epoch 19 | Batches: 157
-> Epoch 19 | Batch: 0
-> Epoch 19 | Batch: 1
-> Epoch 19 | Batch: 2
-> Epoch 19 | Batch: 3
-> Epoch 19 | Batch: 4
-> Epoch 19 | Batch: 5
-> Epoch 19 | Batch: 6
-> Epoch 19 | Batch: 7
-> Epoch 19 | Batch: 8
-> Epoch 19 | Batch: 9
-> Epoch 19 | Batch: 10
-> Epoch 19 | Batch: 11
-> Epoch 19 | Batch: 12
-> Epoch 19 | Batch: 13
-> Epoch 19 | Batch: 14
-> Epoch 19 | Batch: 15
-> Epoch 19 | Batch: 16
-> Epoch 19 | Batch: 17
-> Epoch 19 | Batch: 18
-> Epoch 19 | Batch: 19
-> Epoch 19 | Batch: 20
-> Epoch 19 | Batch: 21
-> Epoch 19 | Batch: 22
-> Epoch 19 | Batch: 23
-> Epoch 19 | Batch: 24
-> Epoch 19 | Batch: 25
-> Epoch 19 | Batch: 26
-> Epoch 19 | Batch: 27
-> Epoch 19 | Batch: 28
-> Epoch 19 | Batch: 29
-> Epoch 19 | Batch: 30
-> Epoch 19 | Batch: 31
-> Epoch 19 | Batch: 32
-> Epoch 19 | Batch: 33
-> Epoch 19 | Batch: 34
-> Epoch 19 | Batch: 35
-> Epoch 19 | Batch: 36
-> Epoch 19 | Batch: 37
-> Epoch 19 | Batch: 38
-> Epoch 19 | Batch: 39
-> Epoch 19 | Batch: 40
-> Epoch 19 | Batch: 41
-> Epoch 19 | Batch: 42
-> Epoch 19 | Batch: 43
-> Epoch 19 | Batch: 44
-> Epoch 19 | Batch: 45
-> Epoch 19 | Batch: 46
-> Epoch 19 | Batch: 47
-> Epoch 19 | Batch: 48
-> Epoch 19 | Batch: 49
-> Epoch 19 | Batch: 50
-> Epoch 19 | Batch: 51
-> Epoch 19 | Batch: 52
-> Epoch 19 | Batch: 53
-> Epoch 19 | Batch: 54
-> Epoch 19 | Batch: 55
-> Epoch 19 | Batch: 56
-> Epoch 19 | Batch: 57
-> Epoch 19 | Batch: 58
-> Epoch 19 | Avg Loss: 0.029149878180143817
[RANK 0 GPU 0] Epoch 20 | Batches: 157
-> Epoch 20 | Batch: 0
-> Epoch 20 | Batch: 1
-> Epoch 20 | Batch: 2
-> Epoch 20 | Batch: 3
-> Epoch 20 | Batch: 4
-> Epoch 20 | Batch: 5
-> Epoch 20 | Batch: 6
-> Epoch 20 | Batch: 7
-> Epoch 20 | Batch: 8
-> Epoch 20 | Batch: 9
-> Epoch 20 | Batch: 10
-> Epoch 20 | Batch: 11
-> Epoch 20 | Batch: 12
-> Epoch 20 | Batch: 13
-> Epoch 20 | Batch: 14
-> Epoch 20 | Batch: 15
-> Epoch 20 | Batch: 16
-> Epoch 20 | Batch: 17
-> Epoch 20 | Batch: 18
-> Epoch 20 | Batch: 19
-> Epoch 20 | Batch: 20
-> Epoch 20 | Batch: 21
-> Epoch 20 | Batch: 22
-> Epoch 20 | Batch: 23
-> Epoch 20 | Batch: 24
-> Epoch 20 | Batch: 25
-> Epoch 20 | Batch: 26
-> Epoch 20 | Batch: 27
-> Epoch 20 | Batch: 28
-> Epoch 20 | Batch: 29
-> Epoch 20 | Batch: 30
-> Epoch 20 | Batch: 31
-> Epoch 20 | Batch: 32
-> Epoch 20 | Batch: 33
-> Epoch 20 | Batch: 34
-> Epoch 20 | Batch: 35
-> Epoch 20 | Batch: 36
-> Epoch 20 | Batch: 37
-> Epoch 20 | Batch: 38
-> Epoch 20 | Batch: 39
-> Epoch 20 | Batch: 40
-> Epoch 20 | Batch: 41
-> Epoch 20 | Batch: 42
-> Epoch 20 | Batch: 43
-> Epoch 20 | Batch: 44
-> Epoch 20 | Batch: 45
-> Epoch 20 | Batch: 46
-> Epoch 20 | Batch: 47
-> Epoch 20 | Batch: 48
-> Epoch 20 | Batch: 49
-> Epoch 20 | Batch: 50
-> Epoch 20 | Batch: 51
-> Epoch 20 | Batch: 52
-> Epoch 20 | Batch: 53
-> Epoch 20 | Batch: 54
-> Epoch 20 | Batch: 55
-> Epoch 20 | Batch: 56
-> Epoch 20 | Batch: 57
-> Epoch 20 | Batch: 58
-> Epoch 20 | Avg Loss: 0.028444483501331535
[RANK 0 GPU 0] Epoch 21 | Batches: 157
-> Epoch 21 | Batch: 0
-> Epoch 21 | Batch: 1
-> Epoch 21 | Batch: 2
-> Epoch 21 | Batch: 3
-> Epoch 21 | Batch: 4
-> Epoch 21 | Batch: 5
-> Epoch 21 | Batch: 6
-> Epoch 21 | Batch: 7
-> Epoch 21 | Batch: 8
-> Epoch 21 | Batch: 9
-> Epoch 21 | Batch: 10
-> Epoch 21 | Batch: 11
-> Epoch 21 | Batch: 12
-> Epoch 21 | Batch: 13
-> Epoch 21 | Batch: 14
-> Epoch 21 | Batch: 15
-> Epoch 21 | Batch: 16
-> Epoch 21 | Batch: 17
-> Epoch 21 | Batch: 18
-> Epoch 21 | Batch: 19
-> Epoch 21 | Batch: 20
-> Epoch 21 | Batch: 21
-> Epoch 21 | Batch: 22
-> Epoch 21 | Batch: 23
-> Epoch 21 | Batch: 24
-> Epoch 21 | Batch: 25
-> Epoch 21 | Batch: 26
-> Epoch 21 | Batch: 27
-> Epoch 21 | Batch: 28
-> Epoch 21 | Batch: 29
-> Epoch 21 | Batch: 30
-> Epoch 21 | Batch: 31
-> Epoch 21 | Batch: 32
-> Epoch 21 | Batch: 33
-> Epoch 21 | Batch: 34
-> Epoch 21 | Batch: 35
-> Epoch 21 | Batch: 36
-> Epoch 21 | Batch: 37
-> Epoch 21 | Batch: 38
-> Epoch 21 | Batch: 39
-> Epoch 21 | Batch: 40
-> Epoch 21 | Batch: 41
-> Epoch 21 | Batch: 42
-> Epoch 21 | Batch: 43
-> Epoch 21 | Batch: 44
-> Epoch 21 | Batch: 45
-> Epoch 21 | Batch: 46
-> Epoch 21 | Batch: 47
-> Epoch 21 | Batch: 48
-> Epoch 21 | Batch: 49
-> Epoch 21 | Batch: 50
-> Epoch 21 | Batch: 51
-> Epoch 21 | Batch: 52
-> Epoch 21 | Batch: 53
-> Epoch 21 | Batch: 54
-> Epoch 21 | Batch: 55
-> Epoch 21 | Batch: 56
-> Epoch 21 | Batch: 57
-> Epoch 21 | Batch: 58
-> Epoch 21 | Avg Loss: 0.02785167707548619
[RANK 0 GPU 0] Epoch 22 | Batches: 157
-> Epoch 22 | Batch: 0
-> Epoch 22 | Batch: 1
-> Epoch 22 | Batch: 2
-> Epoch 22 | Batch: 3
-> Epoch 22 | Batch: 4
-> Epoch 22 | Batch: 5
-> Epoch 22 | Batch: 6
-> Epoch 22 | Batch: 7
-> Epoch 22 | Batch: 8
-> Epoch 22 | Batch: 9
-> Epoch 22 | Batch: 10
-> Epoch 22 | Batch: 11
-> Epoch 22 | Batch: 12
-> Epoch 22 | Batch: 13
-> Epoch 22 | Batch: 14
-> Epoch 22 | Batch: 15
-> Epoch 22 | Batch: 16
-> Epoch 22 | Batch: 17
-> Epoch 22 | Batch: 18
-> Epoch 22 | Batch: 19
-> Epoch 22 | Batch: 20
-> Epoch 22 | Batch: 21
-> Epoch 22 | Batch: 22
-> Epoch 22 | Batch: 23
-> Epoch 22 | Batch: 24
-> Epoch 22 | Batch: 25
-> Epoch 22 | Batch: 26
-> Epoch 22 | Batch: 27
-> Epoch 22 | Batch: 28
-> Epoch 22 | Batch: 29
-> Epoch 22 | Batch: 30
-> Epoch 22 | Batch: 31
-> Epoch 22 | Batch: 32
-> Epoch 22 | Batch: 33
-> Epoch 22 | Batch: 34
-> Epoch 22 | Batch: 35
-> Epoch 22 | Batch: 36
-> Epoch 22 | Batch: 37
-> Epoch 22 | Batch: 38
-> Epoch 22 | Batch: 39
-> Epoch 22 | Batch: 40
-> Epoch 22 | Batch: 41
-> Epoch 22 | Batch: 42
-> Epoch 22 | Batch: 43
-> Epoch 22 | Batch: 44
-> Epoch 22 | Batch: 45
-> Epoch 22 | Batch: 46
-> Epoch 22 | Batch: 47
-> Epoch 22 | Batch: 48
-> Epoch 22 | Batch: 49
-> Epoch 22 | Batch: 50
-> Epoch 22 | Batch: 51
-> Epoch 22 | Batch: 52
-> Epoch 22 | Batch: 53
-> Epoch 22 | Batch: 54
-> Epoch 22 | Batch: 55
-> Epoch 22 | Batch: 56
-> Epoch 22 | Batch: 57
-> Epoch 22 | Batch: 58
-> Epoch 22 | Avg Loss: 0.027335565255055108
[RANK 0 GPU 0] Epoch 23 | Batches: 157
-> Epoch 23 | Batch: 0
-> Epoch 23 | Batch: 1
-> Epoch 23 | Batch: 2
-> Epoch 23 | Batch: 3
-> Epoch 23 | Batch: 4
-> Epoch 23 | Batch: 5
-> Epoch 23 | Batch: 6
-> Epoch 23 | Batch: 7
-> Epoch 23 | Batch: 8
-> Epoch 23 | Batch: 9
-> Epoch 23 | Batch: 10
-> Epoch 23 | Batch: 11
-> Epoch 23 | Batch: 12
-> Epoch 23 | Batch: 13
-> Epoch 23 | Batch: 14
-> Epoch 23 | Batch: 15
-> Epoch 23 | Batch: 16
-> Epoch 23 | Batch: 17
-> Epoch 23 | Batch: 18
-> Epoch 23 | Batch: 19
-> Epoch 23 | Batch: 20
-> Epoch 23 | Batch: 21
-> Epoch 23 | Batch: 22
-> Epoch 23 | Batch: 23
-> Epoch 23 | Batch: 24
-> Epoch 23 | Batch: 25
-> Epoch 23 | Batch: 26
-> Epoch 23 | Batch: 27
-> Epoch 23 | Batch: 28
-> Epoch 23 | Batch: 29
-> Epoch 23 | Batch: 30
-> Epoch 23 | Batch: 31
-> Epoch 23 | Batch: 32
-> Epoch 23 | Batch: 33
-> Epoch 23 | Batch: 34
-> Epoch 23 | Batch: 35
-> Epoch 23 | Batch: 36
-> Epoch 23 | Batch: 37
-> Epoch 23 | Batch: 38
-> Epoch 23 | Batch: 39
-> Epoch 23 | Batch: 40
-> Epoch 23 | Batch: 41
-> Epoch 23 | Batch: 42
-> Epoch 23 | Batch: 43
-> Epoch 23 | Batch: 44
-> Epoch 23 | Batch: 45
-> Epoch 23 | Batch: 46
-> Epoch 23 | Batch: 47
-> Epoch 23 | Batch: 48
-> Epoch 23 | Batch: 49
-> Epoch 23 | Batch: 50
-> Epoch 23 | Batch: 51
-> Epoch 23 | Batch: 52
-> Epoch 23 | Batch: 53
-> Epoch 23 | Batch: 54
-> Epoch 23 | Batch: 55
-> Epoch 23 | Batch: 56
-> Epoch 23 | Batch: 57
-> Epoch 23 | Batch: 58
-> Epoch 23 | Avg Loss: 0.026814212189924164
[RANK 0 GPU 0] Epoch 24 | Batches: 157
-> Epoch 24 | Batch: 0
-> Epoch 24 | Batch: 1
-> Epoch 24 | Batch: 2
-> Epoch 24 | Batch: 3
-> Epoch 24 | Batch: 4
-> Epoch 24 | Batch: 5
-> Epoch 24 | Batch: 6
-> Epoch 24 | Batch: 7
-> Epoch 24 | Batch: 8
-> Epoch 24 | Batch: 9
-> Epoch 24 | Batch: 10
-> Epoch 24 | Batch: 11
-> Epoch 24 | Batch: 12
-> Epoch 24 | Batch: 13
-> Epoch 24 | Batch: 14
-> Epoch 24 | Batch: 15
-> Epoch 24 | Batch: 16
-> Epoch 24 | Batch: 17
-> Epoch 24 | Batch: 18
-> Epoch 24 | Batch: 19
-> Epoch 24 | Batch: 20
-> Epoch 24 | Batch: 21
-> Epoch 24 | Batch: 22
-> Epoch 24 | Batch: 23
-> Epoch 24 | Batch: 24
-> Epoch 24 | Batch: 25
-> Epoch 24 | Batch: 26
-> Epoch 24 | Batch: 27
-> Epoch 24 | Batch: 28
-> Epoch 24 | Batch: 29
-> Epoch 24 | Batch: 30
-> Epoch 24 | Batch: 31
-> Epoch 24 | Batch: 32
-> Epoch 24 | Batch: 33
-> Epoch 24 | Batch: 34
-> Epoch 24 | Batch: 35
-> Epoch 24 | Batch: 36
-> Epoch 24 | Batch: 37
-> Epoch 24 | Batch: 38
-> Epoch 24 | Batch: 39
-> Epoch 24 | Batch: 40
-> Epoch 24 | Batch: 41
-> Epoch 24 | Batch: 42
-> Epoch 24 | Batch: 43
-> Epoch 24 | Batch: 44
-> Epoch 24 | Batch: 45
-> Epoch 24 | Batch: 46
-> Epoch 24 | Batch: 47
-> Epoch 24 | Batch: 48
-> Epoch 24 | Batch: 49
-> Epoch 24 | Batch: 50
-> Epoch 24 | Batch: 51
-> Epoch 24 | Batch: 52
-> Epoch 24 | Batch: 53
-> Epoch 24 | Batch: 54
-> Epoch 24 | Batch: 55
-> Epoch 24 | Batch: 56
-> Epoch 24 | Batch: 57
-> Epoch 24 | Batch: 58
-> Epoch 24 | Avg Loss: 0.026368158624775834
[RANK 0 GPU 0] Epoch 25 | Batches: 157
-> Epoch 25 | Batch: 0
-> Epoch 25 | Batch: 1
-> Epoch 25 | Batch: 2
-> Epoch 25 | Batch: 3
-> Epoch 25 | Batch: 4
-> Epoch 25 | Batch: 5
-> Epoch 25 | Batch: 6
-> Epoch 25 | Batch: 7
-> Epoch 25 | Batch: 8
-> Epoch 25 | Batch: 9
-> Epoch 25 | Batch: 10
-> Epoch 25 | Batch: 11
-> Epoch 25 | Batch: 12
-> Epoch 25 | Batch: 13
-> Epoch 25 | Batch: 14
-> Epoch 25 | Batch: 15
-> Epoch 25 | Batch: 16
-> Epoch 25 | Batch: 17
-> Epoch 25 | Batch: 18
-> Epoch 25 | Batch: 19
-> Epoch 25 | Batch: 20
-> Epoch 25 | Batch: 21
-> Epoch 25 | Batch: 22
-> Epoch 25 | Batch: 23
-> Epoch 25 | Batch: 24
-> Epoch 25 | Batch: 25
-> Epoch 25 | Batch: 26
-> Epoch 25 | Batch: 27
-> Epoch 25 | Batch: 28
-> Epoch 25 | Batch: 29
-> Epoch 25 | Batch: 30
-> Epoch 25 | Batch: 31
-> Epoch 25 | Batch: 32
-> Epoch 25 | Batch: 33
-> Epoch 25 | Batch: 34
-> Epoch 25 | Batch: 35
-> Epoch 25 | Batch: 36
-> Epoch 25 | Batch: 37
-> Epoch 25 | Batch: 38
-> Epoch 25 | Batch: 39
-> Epoch 25 | Batch: 40
-> Epoch 25 | Batch: 41
-> Epoch 25 | Batch: 42
-> Epoch 25 | Batch: 43
-> Epoch 25 | Batch: 44
-> Epoch 25 | Batch: 45
-> Epoch 25 | Batch: 46
-> Epoch 25 | Batch: 47
-> Epoch 25 | Batch: 48
-> Epoch 25 | Batch: 49
-> Epoch 25 | Batch: 50
-> Epoch 25 | Batch: 51
-> Epoch 25 | Batch: 52
-> Epoch 25 | Batch: 53
-> Epoch 25 | Batch: 54
-> Epoch 25 | Batch: 55
-> Epoch 25 | Batch: 56
-> Epoch 25 | Batch: 57
-> Epoch 25 | Batch: 58
-> Epoch 25 | Avg Loss: 0.025986228791318077
[RANK 0 GPU 0] Epoch 26 | Batches: 157
-> Epoch 26 | Batch: 0
-> Epoch 26 | Batch: 1
-> Epoch 26 | Batch: 2
-> Epoch 26 | Batch: 3
-> Epoch 26 | Batch: 4
-> Epoch 26 | Batch: 5
-> Epoch 26 | Batch: 6
-> Epoch 26 | Batch: 7
-> Epoch 26 | Batch: 8
-> Epoch 26 | Batch: 9
-> Epoch 26 | Batch: 10
-> Epoch 26 | Batch: 11
-> Epoch 26 | Batch: 12
-> Epoch 26 | Batch: 13
-> Epoch 26 | Batch: 14
-> Epoch 26 | Batch: 15
-> Epoch 26 | Batch: 16
-> Epoch 26 | Batch: 17
-> Epoch 26 | Batch: 18
-> Epoch 26 | Batch: 19
-> Epoch 26 | Batch: 20
-> Epoch 26 | Batch: 21
-> Epoch 26 | Batch: 22
-> Epoch 26 | Batch: 23
-> Epoch 26 | Batch: 24
-> Epoch 26 | Batch: 25
-> Epoch 26 | Batch: 26
-> Epoch 26 | Batch: 27
-> Epoch 26 | Batch: 28
-> Epoch 26 | Batch: 29
-> Epoch 26 | Batch: 30
-> Epoch 26 | Batch: 31
-> Epoch 26 | Batch: 32
-> Epoch 26 | Batch: 33
-> Epoch 26 | Batch: 34
-> Epoch 26 | Batch: 35
-> Epoch 26 | Batch: 36
-> Epoch 26 | Batch: 37
-> Epoch 26 | Batch: 38
-> Epoch 26 | Batch: 39
-> Epoch 26 | Batch: 40
-> Epoch 26 | Batch: 41
-> Epoch 26 | Batch: 42
-> Epoch 26 | Batch: 43
-> Epoch 26 | Batch: 44
-> Epoch 26 | Batch: 45
-> Epoch 26 | Batch: 46
-> Epoch 26 | Batch: 47
-> Epoch 26 | Batch: 48
-> Epoch 26 | Batch: 49
-> Epoch 26 | Batch: 50
-> Epoch 26 | Batch: 51
-> Epoch 26 | Batch: 52
-> Epoch 26 | Batch: 53
-> Epoch 26 | Batch: 54
-> Epoch 26 | Batch: 55
-> Epoch 26 | Batch: 56
-> Epoch 26 | Batch: 57
-> Epoch 26 | Batch: 58
-> Epoch 26 | Avg Loss: 0.025634066803554484
[RANK 0 GPU 0] Epoch 27 | Batches: 157
-> Epoch 27 | Batch: 0
-> Epoch 27 | Batch: 1
-> Epoch 27 | Batch: 2
-> Epoch 27 | Batch: 3
-> Epoch 27 | Batch: 4
-> Epoch 27 | Batch: 5
-> Epoch 27 | Batch: 6
-> Epoch 27 | Batch: 7
-> Epoch 27 | Batch: 8
-> Epoch 27 | Batch: 9
-> Epoch 27 | Batch: 10
-> Epoch 27 | Batch: 11
-> Epoch 27 | Batch: 12
-> Epoch 27 | Batch: 13
-> Epoch 27 | Batch: 14
-> Epoch 27 | Batch: 15
-> Epoch 27 | Batch: 16
-> Epoch 27 | Batch: 17
-> Epoch 27 | Batch: 18
-> Epoch 27 | Batch: 19
-> Epoch 27 | Batch: 20
-> Epoch 27 | Batch: 21
-> Epoch 27 | Batch: 22
-> Epoch 27 | Batch: 23
-> Epoch 27 | Batch: 24
-> Epoch 27 | Batch: 25
-> Epoch 27 | Batch: 26
-> Epoch 27 | Batch: 27
-> Epoch 27 | Batch: 28
-> Epoch 27 | Batch: 29
-> Epoch 27 | Batch: 30
-> Epoch 27 | Batch: 31
-> Epoch 27 | Batch: 32
-> Epoch 27 | Batch: 33
-> Epoch 27 | Batch: 34
-> Epoch 27 | Batch: 35
-> Epoch 27 | Batch: 36
-> Epoch 27 | Batch: 37
-> Epoch 27 | Batch: 38
-> Epoch 27 | Batch: 39
-> Epoch 27 | Batch: 40
-> Epoch 27 | Batch: 41
-> Epoch 27 | Batch: 42
-> Epoch 27 | Batch: 43
-> Epoch 27 | Batch: 44
-> Epoch 27 | Batch: 45
-> Epoch 27 | Batch: 46
-> Epoch 27 | Batch: 47
-> Epoch 27 | Batch: 48
-> Epoch 27 | Batch: 49
-> Epoch 27 | Batch: 50
-> Epoch 27 | Batch: 51
-> Epoch 27 | Batch: 52
-> Epoch 27 | Batch: 53
-> Epoch 27 | Batch: 54
-> Epoch 27 | Batch: 55
-> Epoch 27 | Batch: 56
-> Epoch 27 | Batch: 57
-> Epoch 27 | Batch: 58
-> Epoch 27 | Avg Loss: 0.025312351133926946
[RANK 0 GPU 0] Epoch 28 | Batches: 157
-> Epoch 28 | Batch: 0
-> Epoch 28 | Batch: 1
-> Epoch 28 | Batch: 2
-> Epoch 28 | Batch: 3
-> Epoch 28 | Batch: 4
-> Epoch 28 | Batch: 5
-> Epoch 28 | Batch: 6
-> Epoch 28 | Batch: 7
-> Epoch 28 | Batch: 8
-> Epoch 28 | Batch: 9
-> Epoch 28 | Batch: 10
-> Epoch 28 | Batch: 11
-> Epoch 28 | Batch: 12
-> Epoch 28 | Batch: 13
-> Epoch 28 | Batch: 14
-> Epoch 28 | Batch: 15
-> Epoch 28 | Batch: 16
-> Epoch 28 | Batch: 17
-> Epoch 28 | Batch: 18
-> Epoch 28 | Batch: 19
-> Epoch 28 | Batch: 20
-> Epoch 28 | Batch: 21
-> Epoch 28 | Batch: 22
-> Epoch 28 | Batch: 23
-> Epoch 28 | Batch: 24
-> Epoch 28 | Batch: 25
-> Epoch 28 | Batch: 26
-> Epoch 28 | Batch: 27
-> Epoch 28 | Batch: 28
-> Epoch 28 | Batch: 29
-> Epoch 28 | Batch: 30
-> Epoch 28 | Batch: 31
-> Epoch 28 | Batch: 32
-> Epoch 28 | Batch: 33
-> Epoch 28 | Batch: 34
-> Epoch 28 | Batch: 35
-> Epoch 28 | Batch: 36
-> Epoch 28 | Batch: 37
-> Epoch 28 | Batch: 38
-> Epoch 28 | Batch: 39
-> Epoch 28 | Batch: 40
-> Epoch 28 | Batch: 41
-> Epoch 28 | Batch: 42
-> Epoch 28 | Batch: 43
-> Epoch 28 | Batch: 44
-> Epoch 28 | Batch: 45
-> Epoch 28 | Batch: 46
-> Epoch 28 | Batch: 47
-> Epoch 28 | Batch: 48
-> Epoch 28 | Batch: 49
-> Epoch 28 | Batch: 50
-> Epoch 28 | Batch: 51
-> Epoch 28 | Batch: 52
-> Epoch 28 | Batch: 53
-> Epoch 28 | Batch: 54
-> Epoch 28 | Batch: 55
-> Epoch 28 | Batch: 56
-> Epoch 28 | Batch: 57
-> Epoch 28 | Batch: 58
-> Epoch 28 | Avg Loss: 0.02500762758279314
[RANK 0 GPU 0] Epoch 29 | Batches: 157
-> Epoch 29 | Batch: 0
-> Epoch 29 | Batch: 1
-> Epoch 29 | Batch: 2
-> Epoch 29 | Batch: 3
-> Epoch 29 | Batch: 4
-> Epoch 29 | Batch: 5
-> Epoch 29 | Batch: 6
-> Epoch 29 | Batch: 7
-> Epoch 29 | Batch: 8
-> Epoch 29 | Batch: 9
-> Epoch 29 | Batch: 10
-> Epoch 29 | Batch: 11
-> Epoch 29 | Batch: 12
-> Epoch 29 | Batch: 13
-> Epoch 29 | Batch: 14
-> Epoch 29 | Batch: 15
-> Epoch 29 | Batch: 16
-> Epoch 29 | Batch: 17
-> Epoch 29 | Batch: 18
-> Epoch 29 | Batch: 19
-> Epoch 29 | Batch: 20
-> Epoch 29 | Batch: 21
-> Epoch 29 | Batch: 22
-> Epoch 29 | Batch: 23
-> Epoch 29 | Batch: 24
-> Epoch 29 | Batch: 25
-> Epoch 29 | Batch: 26
-> Epoch 29 | Batch: 27
-> Epoch 29 | Batch: 28
-> Epoch 29 | Batch: 29
-> Epoch 29 | Batch: 30
-> Epoch 29 | Batch: 31
-> Epoch 29 | Batch: 32
-> Epoch 29 | Batch: 33
-> Epoch 29 | Batch: 34
-> Epoch 29 | Batch: 35
-> Epoch 29 | Batch: 36
-> Epoch 29 | Batch: 37
-> Epoch 29 | Batch: 38
-> Epoch 29 | Batch: 39
-> Epoch 29 | Batch: 40
-> Epoch 29 | Batch: 41
-> Epoch 29 | Batch: 42
-> Epoch 29 | Batch: 43
-> Epoch 29 | Batch: 44
-> Epoch 29 | Batch: 45
-> Epoch 29 | Batch: 46
-> Epoch 29 | Batch: 47
-> Epoch 29 | Batch: 48
-> Epoch 29 | Batch: 49
-> Epoch 29 | Batch: 50
-> Epoch 29 | Batch: 51
-> Epoch 29 | Batch: 52
-> Epoch 29 | Batch: 53
-> Epoch 29 | Batch: 54
-> Epoch 29 | Batch: 55
-> Epoch 29 | Batch: 56
-> Epoch 29 | Batch: 57
-> Epoch 29 | Batch: 58
-> Epoch 29 | Avg Loss: 0.024708413935298004
[RANK 0 GPU 0] Epoch 30 | Batches: 157
-> Epoch 30 | Batch: 0
-> Epoch 30 | Batch: 1
-> Epoch 30 | Batch: 2
-> Epoch 30 | Batch: 3
-> Epoch 30 | Batch: 4
-> Epoch 30 | Batch: 5
-> Epoch 30 | Batch: 6
-> Epoch 30 | Batch: 7
-> Epoch 30 | Batch: 8
-> Epoch 30 | Batch: 9
-> Epoch 30 | Batch: 10
-> Epoch 30 | Batch: 11
-> Epoch 30 | Batch: 12
-> Epoch 30 | Batch: 13
-> Epoch 30 | Batch: 14
-> Epoch 30 | Batch: 15
-> Epoch 30 | Batch: 16
-> Epoch 30 | Batch: 17
-> Epoch 30 | Batch: 18
-> Epoch 30 | Batch: 19
-> Epoch 30 | Batch: 20
-> Epoch 30 | Batch: 21
-> Epoch 30 | Batch: 22
-> Epoch 30 | Batch: 23
-> Epoch 30 | Batch: 24
-> Epoch 30 | Batch: 25
-> Epoch 30 | Batch: 26
-> Epoch 30 | Batch: 27
-> Epoch 30 | Batch: 28
-> Epoch 30 | Batch: 29
-> Epoch 30 | Batch: 30
-> Epoch 30 | Batch: 31
-> Epoch 30 | Batch: 32
-> Epoch 30 | Batch: 33
-> Epoch 30 | Batch: 34
-> Epoch 30 | Batch: 35
-> Epoch 30 | Batch: 36
-> Epoch 30 | Batch: 37
-> Epoch 30 | Batch: 38
-> Epoch 30 | Batch: 39
-> Epoch 30 | Batch: 40
-> Epoch 30 | Batch: 41
-> Epoch 30 | Batch: 42
-> Epoch 30 | Batch: 43
-> Epoch 30 | Batch: 44
-> Epoch 30 | Batch: 45
-> Epoch 30 | Batch: 46
-> Epoch 30 | Batch: 47
-> Epoch 30 | Batch: 48
-> Epoch 30 | Batch: 49
-> Epoch 30 | Batch: 50
-> Epoch 30 | Batch: 51
-> Epoch 30 | Batch: 52
-> Epoch 30 | Batch: 53
-> Epoch 30 | Batch: 54
-> Epoch 30 | Batch: 55
-> Epoch 30 | Batch: 56
-> Epoch 30 | Batch: 57
-> Epoch 30 | Batch: 58
-> Epoch 30 | Avg Loss: 0.024467950523041695
[RANK 0 GPU 0] Epoch 31 | Batches: 157
-> Epoch 31 | Batch: 0
-> Epoch 31 | Batch: 1
-> Epoch 31 | Batch: 2
-> Epoch 31 | Batch: 3
-> Epoch 31 | Batch: 4
-> Epoch 31 | Batch: 5
-> Epoch 31 | Batch: 6
-> Epoch 31 | Batch: 7
-> Epoch 31 | Batch: 8
-> Epoch 31 | Batch: 9
-> Epoch 31 | Batch: 10
-> Epoch 31 | Batch: 11
-> Epoch 31 | Batch: 12
-> Epoch 31 | Batch: 13
-> Epoch 31 | Batch: 14
-> Epoch 31 | Batch: 15
-> Epoch 31 | Batch: 16
-> Epoch 31 | Batch: 17
-> Epoch 31 | Batch: 18
-> Epoch 31 | Batch: 19
-> Epoch 31 | Batch: 20
-> Epoch 31 | Batch: 21
-> Epoch 31 | Batch: 22
-> Epoch 31 | Batch: 23
-> Epoch 31 | Batch: 24
-> Epoch 31 | Batch: 25
-> Epoch 31 | Batch: 26
-> Epoch 31 | Batch: 27
-> Epoch 31 | Batch: 28
-> Epoch 31 | Batch: 29
-> Epoch 31 | Batch: 30
-> Epoch 31 | Batch: 31
-> Epoch 31 | Batch: 32
-> Epoch 31 | Batch: 33
-> Epoch 31 | Batch: 34
-> Epoch 31 | Batch: 35
-> Epoch 31 | Batch: 36
-> Epoch 31 | Batch: 37
-> Epoch 31 | Batch: 38
-> Epoch 31 | Batch: 39
-> Epoch 31 | Batch: 40
-> Epoch 31 | Batch: 41
-> Epoch 31 | Batch: 42
-> Epoch 31 | Batch: 43
-> Epoch 31 | Batch: 44
-> Epoch 31 | Batch: 45
-> Epoch 31 | Batch: 46
-> Epoch 31 | Batch: 47
-> Epoch 31 | Batch: 48
-> Epoch 31 | Batch: 49
-> Epoch 31 | Batch: 50
-> Epoch 31 | Batch: 51
-> Epoch 31 | Batch: 52
-> Epoch 31 | Batch: 53
-> Epoch 31 | Batch: 54
-> Epoch 31 | Batch: 55
-> Epoch 31 | Batch: 56
-> Epoch 31 | Batch: 57
-> Epoch 31 | Batch: 58
-> Epoch 31 | Avg Loss: 0.024190174028971945
Final execution time: 20.42212313s
[RANK 0] Training done.
[RANK: 0] Model saved to autoencoder_ddp.pth
