Mon Jun 30 22:10:54 2025       
+---------------------------------------------------------------------------------------+
| NVIDIA-SMI 530.30.02              Driver Version: 530.30.02    CUDA Version: 12.1     |
|-----------------------------------------+----------------------+----------------------+
| GPU  Name                  Persistence-M| Bus-Id        Disp.A | Volatile Uncorr. ECC |
| Fan  Temp  Perf            Pwr:Usage/Cap|         Memory-Usage | GPU-Util  Compute M. |
|                                         |                      |               MIG M. |
|=========================================+======================+======================|
|   0  NVIDIA A100-SXM-64GB            On | 00000000:56:00.0 Off |                    0 |
| N/A   43C    P0               63W / 473W|      0MiB / 65536MiB |      0%      Default |
|                                         |                      |             Disabled |
+-----------------------------------------+----------------------+----------------------+
                                                                                         
+---------------------------------------------------------------------------------------+
| Processes:                                                                            |
|  GPU   GI   CI        PID   Type   Process name                            GPU Memory |
|        ID   ID                                                             Usage      |
|=======================================================================================|
|  No running processes found                                                           |
+---------------------------------------------------------------------------------------+
+ -------------- SLURM CHECK -------------- +
CUDA_VISIBLE_DEVICES=0
NODES=1
+ ----------------------------------------- +
MNIST dataset already exists. Skipping download.
Using GPU for training
Epoch [1/10], Loss: 0.0321
Epoch [2/10], Loss: 0.0195
Epoch [3/10], Loss: 0.0150
Epoch [4/10], Loss: 0.0112
Epoch [5/10], Loss: 0.0100
Epoch [6/10], Loss: 0.0092
Epoch [7/10], Loss: 0.0087
Epoch [8/10], Loss: 0.0079
Epoch [9/10], Loss: 0.0086
Epoch [10/10], Loss: 0.0075
Models saved to encoder.pth and decoder.pth
