Sat Jul  5 16:43:18 2025       
+---------------------------------------------------------------------------------------+
| NVIDIA-SMI 530.30.02              Driver Version: 530.30.02    CUDA Version: 12.1     |
|-----------------------------------------+----------------------+----------------------+
| GPU  Name                  Persistence-M| Bus-Id        Disp.A | Volatile Uncorr. ECC |
| Fan  Temp  Perf            Pwr:Usage/Cap|         Memory-Usage | GPU-Util  Compute M. |
|                                         |                      |               MIG M. |
|=========================================+======================+======================|
|   0  NVIDIA A100-SXM-64GB            On | 00000000:8F:00.0 Off |                    0 |
| N/A   42C    P0               62W / 457W|      0MiB / 65536MiB |      0%      Default |
|                                         |                      |             Disabled |
+-----------------------------------------+----------------------+----------------------+
                                                                                         
+---------------------------------------------------------------------------------------+
| Processes:                                                                            |
|  GPU   GI   CI        PID   Type   Process name                            GPU Memory |
|        ID   ID                                                             Usage      |
|=======================================================================================|
|  No running processes found                                                           |
+---------------------------------------------------------------------------------------+
+ -------------- SLURM CHECK -------------- +
CUDA_VISIBLE_DEVICES=0
NODES=1
+ ----------------------------------------- +
MNIST dataset already exists. Skipping download.
Using GPU for training
Epoch [1/10], Loss: 0.0089
Epoch [2/10], Loss: 0.0045
Epoch [3/10], Loss: 0.0028
Epoch [4/10], Loss: 0.0023
Epoch [5/10], Loss: 0.0020
Epoch [6/10], Loss: 0.0020
Epoch [7/10], Loss: 0.0016
Epoch [8/10], Loss: 0.0017
Epoch [9/10], Loss: 0.0012
Epoch [10/10], Loss: 0.0013
Model saved to autoencoder.pth
