Mon Jun 30 16:15:11 2025       
+---------------------------------------------------------------------------------------+
| NVIDIA-SMI 530.30.02              Driver Version: 530.30.02    CUDA Version: 12.1     |
|-----------------------------------------+----------------------+----------------------+
| GPU  Name                  Persistence-M| Bus-Id        Disp.A | Volatile Uncorr. ECC |
| Fan  Temp  Perf            Pwr:Usage/Cap|         Memory-Usage | GPU-Util  Compute M. |
|                                         |                      |               MIG M. |
|=========================================+======================+======================|
|   0  NVIDIA A100-SXM-64GB            On | 00000000:8F:00.0 Off |                    0 |
| N/A   42C    P0               62W / 466W|      0MiB / 65536MiB |      0%      Default |
|                                         |                      |             Disabled |
+-----------------------------------------+----------------------+----------------------+
|   1  NVIDIA A100-SXM-64GB            On | 00000000:C8:00.0 Off |                    0 |
| N/A   42C    P0               62W / 469W|      0MiB / 65536MiB |      0%      Default |
|                                         |                      |             Disabled |
+-----------------------------------------+----------------------+----------------------+
                                                                                         
+---------------------------------------------------------------------------------------+
| Processes:                                                                            |
|  GPU   GI   CI        PID   Type   Process name                            GPU Memory |
|        ID   ID                                                             Usage      |
|=======================================================================================|
|  No running processes found                                                           |
+---------------------------------------------------------------------------------------+
+ -------------- SLURM CHECK -------------- +
CUDA_VISIBLE_DEVICES=0,1
NODES=1
+ ----------------------------------------- +
+ ---------- TORCH LIBRARY CHECK ---------- +
PyTorch version: 2.7.1+cu126
PyTorch CUDA version: 12.6
PyTorch CUDNN version: 90501
GPUs per node 2
Training with GPUs :)
+ ----------------------------------------- +
[Rank 0] GPU_RANK=0 on CUDA device 0 hostname=lrdn2465.leonardo.local
[Rank 1] GPU_RANK=1 on CUDA device 1 hostname=lrdn2465.leonardo.local
[RANK 0] Trainer is running...
[RANK 0 GPU 0] Epoch 0 | Batches: 157
[RANK 0 GPU 0] Epoch 1 | Batches: 157
Epoch [1/20], Loss: 0.069505
[RANK 0 GPU 0] Epoch 2 | Batches: 157
Epoch [2/20], Loss: 0.067558
[RANK 0 GPU 0] Epoch 3 | Batches: 157
Epoch [3/20], Loss: 0.067413
[RANK 0 GPU 0] Epoch 4 | Batches: 157
Epoch [4/20], Loss: 0.067381
[RANK 0 GPU 0] Epoch 5 | Batches: 157
Epoch [5/20], Loss: 0.067363
[RANK 0 GPU 0] Epoch 6 | Batches: 157
Epoch [6/20], Loss: 0.067346
[RANK 0 GPU 0] Epoch 7 | Batches: 157
Epoch [7/20], Loss: 0.067336
[RANK 0 GPU 0] Epoch 8 | Batches: 157
Epoch [8/20], Loss: 0.067331
[RANK 0 GPU 0] Epoch 9 | Batches: 157
Epoch [9/20], Loss: 0.067329
[RANK 0 GPU 0] Epoch 10 | Batches: 157
Epoch [10/20], Loss: 0.067321
[RANK 0 GPU 0] Epoch 11 | Batches: 157
Epoch [11/20], Loss: 0.067317
[RANK 0 GPU 0] Epoch 12 | Batches: 157
Epoch [12/20], Loss: 0.067309
[RANK 0 GPU 0] Epoch 13 | Batches: 157
Epoch [13/20], Loss: 0.067306
[RANK 0 GPU 0] Epoch 14 | Batches: 157
Epoch [14/20], Loss: 0.067304
[RANK 0 GPU 0] Epoch 15 | Batches: 157
Epoch [15/20], Loss: 0.067309
[RANK 0 GPU 0] Epoch 16 | Batches: 157
Epoch [16/20], Loss: 0.067300
[RANK 0 GPU 0] Epoch 17 | Batches: 157
Epoch [17/20], Loss: 0.067301
[RANK 0 GPU 0] Epoch 18 | Batches: 157
Epoch [18/20], Loss: 0.067296
[RANK 0 GPU 0] Epoch 19 | Batches: 157
Epoch [19/20], Loss: 0.067298
Epoch [20/20], Loss: 0.067295
[RANK 0] Training done.
[RANK: 1] Model saved to layer1.pth
[RANK: 0] Model saved to layer0.pth
