Mon Jun 30 16:55:42 2025       
+---------------------------------------------------------------------------------------+
| NVIDIA-SMI 530.30.02              Driver Version: 530.30.02    CUDA Version: 12.1     |
|-----------------------------------------+----------------------+----------------------+
| GPU  Name                  Persistence-M| Bus-Id        Disp.A | Volatile Uncorr. ECC |
| Fan  Temp  Perf            Pwr:Usage/Cap|         Memory-Usage | GPU-Util  Compute M. |
|                                         |                      |               MIG M. |
|=========================================+======================+======================|
|   0  NVIDIA A100-SXM-64GB            On | 00000000:1D:00.0 Off |                    0 |
| N/A   43C    P0               61W / 472W|      0MiB / 65536MiB |      0%      Default |
|                                         |                      |             Disabled |
+-----------------------------------------+----------------------+----------------------+
|   1  NVIDIA A100-SXM-64GB            On | 00000000:56:00.0 Off |                    0 |
| N/A   44C    P0               66W / 479W|      0MiB / 65536MiB |      0%      Default |
|                                         |                      |             Disabled |
+-----------------------------------------+----------------------+----------------------+
                                                                                         
+---------------------------------------------------------------------------------------+
| Processes:                                                                            |
|  GPU   GI   CI        PID   Type   Process name                            GPU Memory |
|        ID   ID                                                             Usage      |
|=======================================================================================|
|  No running processes found                                                           |
+---------------------------------------------------------------------------------------+
+ -------------- SLURM CHECK -------------- +
CUDA_VISIBLE_DEVICES=0,1
NODES=1
+ ----------------------------------------- +
+ ---------- TORCH LIBRARY CHECK ---------- +
PyTorch version: 2.7.1+cu126
PyTorch CUDA version: 12.6
PyTorch CUDNN version: 90501
GPUs per node 2
Training with GPUs :)
+ ----------------------------------------- +
[Rank 0] GPU_RANK=0 on CUDA device 0 hostname=lrdn2193.leonardo.local
[Rank 1] GPU_RANK=1 on CUDA device 1 hostname=lrdn2193.leonardo.local
[RANK 0] Trainer is running...
[RANK 0 GPU 0] Epoch 0 | Batches: 157
[RANK 0 GPU 0] Epoch 1 | Batches: 157
Epoch [1/20], Loss: 0.068316
[RANK 0 GPU 0] Epoch 2 | Batches: 157
Epoch [2/20], Loss: 0.065006
[RANK 0 GPU 0] Epoch 3 | Batches: 157
Epoch [3/20], Loss: 0.067328
[RANK 0 GPU 0] Epoch 4 | Batches: 157
Epoch [4/20], Loss: 0.062697
[RANK 0 GPU 0] Epoch 5 | Batches: 157
Epoch [5/20], Loss: 0.060580
Epoch [6/20], Loss: 0.057009
[RANK 0 GPU 0] Epoch 6 | Batches: 157
[RANK 0 GPU 0] Epoch 7 | Batches: 157
Epoch [7/20], Loss: 0.066456
[RANK 0 GPU 0] Epoch 8 | Batches: 157
Epoch [8/20], Loss: 0.064528
[RANK 0 GPU 0] Epoch 9 | Batches: 157
Epoch [9/20], Loss: 0.069287
[RANK 0 GPU 0] Epoch 10 | Batches: 157
Epoch [10/20], Loss: 0.066299
[RANK 0 GPU 0] Epoch 11 | Batches: 157
Epoch [11/20], Loss: 0.065036
[RANK 0 GPU 0] Epoch 12 | Batches: 157
Epoch [12/20], Loss: 0.066560
[RANK 0 GPU 0] Epoch 13 | Batches: 157
Epoch [13/20], Loss: 0.071682
[RANK 0 GPU 0] Epoch 14 | Batches: 157
Epoch [14/20], Loss: 0.061079
[RANK 0 GPU 0] Epoch 15 | Batches: 157
Epoch [15/20], Loss: 0.074841
[RANK 0 GPU 0] Epoch 16 | Batches: 157
Epoch [16/20], Loss: 0.072144
[RANK 0 GPU 0] Epoch 17 | Batches: 157
Epoch [17/20], Loss: 0.059828
[RANK 0 GPU 0] Epoch 18 | Batches: 157
Epoch [18/20], Loss: 0.069853
[RANK 0 GPU 0] Epoch 19 | Batches: 157
Epoch [19/20], Loss: 0.066418
[RANK 0] Training done.
Epoch [20/20], Loss: 0.068799
[RANK: 0] Model saved to layer0.pth
[RANK: 1] Model saved to layer1.pth
