Traceback (most recent call last):
  File "/leonardo/home/userexternal/lpiarull/fddl/autoencoder_mpi_pipelining/train_ddp_pipe_mpi_2.py", line 258, in <module>
    main(
    ~~~~^
        epochs=epochs,
        ^^^^^^^^^^^^^^
        batch_size=batch_size,
        ^^^^^^^^^^^^^^^^^^^^^^
        save_every=save_every
        ^^^^^^^^^^^^^^^^^^^^^
    )
    ^
  File "/leonardo/home/userexternal/lpiarull/fddl/autoencoder_mpi_pipelining/train_ddp_pipe_mpi_2.py", line 236, in main
    trainer.train(epochs)
    ~~~~~~~~~~~~~^^^^^^^^
  File "/leonardo/home/userexternal/lpiarull/fddl/autoencoder_mpi_pipelining/train_ddp_pipe_mpi_2.py", line 77, in train
    dist.init_process_group('gloo', rank=self.rank, world_size=self.size)
    ~~~~~~~~~~~~~~~~~~~~~~~^^^^^^^^^^^^^^^^^^^^^^^^^^^^^^^^^^^^^^^^^^^^^^
  File "/leonardo/home/userexternal/lpiarull/.conda/envs/fddl/lib/python3.13/site-packages/torch/distributed/c10d_logger.py", line 81, in wrapper
    return func(*args, **kwargs)
  File "/leonardo/home/userexternal/lpiarull/.conda/envs/fddl/lib/python3.13/site-packages/torch/distributed/c10d_logger.py", line 95, in wrapper
    func_return = func(*args, **kwargs)
  File "/leonardo/home/userexternal/lpiarull/.conda/envs/fddl/lib/python3.13/site-packages/torch/distributed/distributed_c10d.py", line 1710, in init_process_group
    store, rank, world_size = next(rendezvous_iterator)
                              ~~~~^^^^^^^^^^^^^^^^^^^^^
  File "/leonardo/home/userexternal/lpiarull/.conda/envs/fddl/lib/python3.13/site-packages/torch/distributed/rendezvous.py", line 274, in _env_rendezvous_handler
    master_addr = _get_env_or_raise("MASTER_ADDR")
  File "/leonardo/home/userexternal/lpiarull/.conda/envs/fddl/lib/python3.13/site-packages/torch/distributed/rendezvous.py", line 252, in _get_env_or_raise
    raise _env_error(env_var)
ValueError: Error initializing torch.distributed using env:// rendezvous: environment variable MASTER_ADDR expected, but not set
Traceback (most recent call last):
  File "/leonardo/home/userexternal/lpiarull/fddl/autoencoder_mpi_pipelining/train_ddp_pipe_mpi_2.py", line 258, in <module>
    main(
    ~~~~^
        epochs=epochs,
        ^^^^^^^^^^^^^^
        batch_size=batch_size,
        ^^^^^^^^^^^^^^^^^^^^^^
        save_every=save_every
        ^^^^^^^^^^^^^^^^^^^^^
    )
    ^
  File "/leonardo/home/userexternal/lpiarull/fddl/autoencoder_mpi_pipelining/train_ddp_pipe_mpi_2.py", line 236, in main
    trainer.train(epochs)
    ~~~~~~~~~~~~~^^^^^^^^
  File "/leonardo/home/userexternal/lpiarull/fddl/autoencoder_mpi_pipelining/train_ddp_pipe_mpi_2.py", line 77, in train
    dist.init_process_group('gloo', rank=self.rank, world_size=self.size)
    ~~~~~~~~~~~~~~~~~~~~~~~^^^^^^^^^^^^^^^^^^^^^^^^^^^^^^^^^^^^^^^^^^^^^^
  File "/leonardo/home/userexternal/lpiarull/.conda/envs/fddl/lib/python3.13/site-packages/torch/distributed/c10d_logger.py", line 81, in wrapper
    return func(*args, **kwargs)
  File "/leonardo/home/userexternal/lpiarull/.conda/envs/fddl/lib/python3.13/site-packages/torch/distributed/c10d_logger.py", line 95, in wrapper
    func_return = func(*args, **kwargs)
  File "/leonardo/home/userexternal/lpiarull/.conda/envs/fddl/lib/python3.13/site-packages/torch/distributed/distributed_c10d.py", line 1710, in init_process_group
    store, rank, world_size = next(rendezvous_iterator)
                              ~~~~^^^^^^^^^^^^^^^^^^^^^
  File "/leonardo/home/userexternal/lpiarull/.conda/envs/fddl/lib/python3.13/site-packages/torch/distributed/rendezvous.py", line 274, in _env_rendezvous_handler
    master_addr = _get_env_or_raise("MASTER_ADDR")
  File "/leonardo/home/userexternal/lpiarull/.conda/envs/fddl/lib/python3.13/site-packages/torch/distributed/rendezvous.py", line 252, in _get_env_or_raise
    raise _env_error(env_var)
ValueError: Error initializing torch.distributed using env:// rendezvous: environment variable MASTER_ADDR expected, but not set
srun: error: lrdn0751: tasks 0-1: Exited with exit code 1
