Mon Jun 30 18:39:16 2025       
+---------------------------------------------------------------------------------------+
| NVIDIA-SMI 530.30.02              Driver Version: 530.30.02    CUDA Version: 12.1     |
|-----------------------------------------+----------------------+----------------------+
| GPU  Name                  Persistence-M| Bus-Id        Disp.A | Volatile Uncorr. ECC |
| Fan  Temp  Perf            Pwr:Usage/Cap|         Memory-Usage | GPU-Util  Compute M. |
|                                         |                      |               MIG M. |
|=========================================+======================+======================|
|   0  NVIDIA A100-SXM-64GB            On | 00000000:1D:00.0 Off |                    0 |
| N/A   43C    P0               61W / 460W|      0MiB / 65536MiB |      0%      Default |
|                                         |                      |             Disabled |
+-----------------------------------------+----------------------+----------------------+
|   1  NVIDIA A100-SXM-64GB            On | 00000000:C8:00.0 Off |                    0 |
| N/A   43C    P0               61W / 457W|      0MiB / 65536MiB |      0%      Default |
|                                         |                      |             Disabled |
+-----------------------------------------+----------------------+----------------------+
                                                                                         
+---------------------------------------------------------------------------------------+
| Processes:                                                                            |
|  GPU   GI   CI        PID   Type   Process name                            GPU Memory |
|        ID   ID                                                             Usage      |
|=======================================================================================|
|  No running processes found                                                           |
+---------------------------------------------------------------------------------------+
+ -------------- SLURM CHECK -------------- +
CUDA_VISIBLE_DEVICES=0,1
NODES=1
+ ----------------------------------------- +
Rank 0 | Epoch 0 | Batch 937
Rank 1 | Epoch 0 | Batch 937 | Loss: 0.0649
Rank 1 | Epoch 1 | Batch 937 | Loss: 0.0654
Rank 0 | Epoch 1 | Batch 937
Rank 1 | Epoch 2 | Batch 937 | Loss: 0.0691
Rank 0 | Epoch 2 | Batch 937
Rank 1 | Epoch 3 | Batch 937 | Loss: 0.0691
Rank 0 | Epoch 3 | Batch 937
Rank 1 | Epoch 4 | Batch 937 | Loss: 0.0709
Rank 0 | Epoch 4 | Batch 937
Rank 1 | Epoch 5 | Batch 937 | Loss: 0.0713
Rank 0 | Epoch 5 | Batch 937
