Tue Jul  1 12:25:44 2025       
+---------------------------------------------------------------------------------------+
| NVIDIA-SMI 530.30.02              Driver Version: 530.30.02    CUDA Version: 12.1     |
|-----------------------------------------+----------------------+----------------------+
| GPU  Name                  Persistence-M| Bus-Id        Disp.A | Volatile Uncorr. ECC |
| Fan  Temp  Perf            Pwr:Usage/Cap|         Memory-Usage | GPU-Util  Compute M. |
|                                         |                      |               MIG M. |
|=========================================+======================+======================|
|   0  NVIDIA A100-SXM-64GB            On | 00000000:1D:00.0 Off |                    0 |
| N/A   42C    P0               66W / 477W|      0MiB / 65536MiB |      0%      Default |
|                                         |                      |             Disabled |
+-----------------------------------------+----------------------+----------------------+
|   1  NVIDIA A100-SXM-64GB            On | 00000000:56:00.0 Off |                    0 |
| N/A   42C    P0               63W / 472W|      0MiB / 65536MiB |      0%      Default |
|                                         |                      |             Disabled |
+-----------------------------------------+----------------------+----------------------+
                                                                                         
+---------------------------------------------------------------------------------------+
| Processes:                                                                            |
|  GPU   GI   CI        PID   Type   Process name                            GPU Memory |
|        ID   ID                                                             Usage      |
|=======================================================================================|
|  No running processes found                                                           |
+---------------------------------------------------------------------------------------+
+ -------------- SLURM CHECK -------------- +
CUDA_VISIBLE_DEVICES=0,1
NODES=1
+ ----------------------------------------- +
STARTINGSTARTING

STARTING
+ ---------- TORCH LIBRARY CHECK ---------- +
PyTorch version: 2.7.1+cu126
PyTorch CUDA version: 12.6
PyTorch CUDNN version: 90501
GPUs per node 2
Training with GPUs :)
+ ----------------------------------------- +
STARTING
[Rank 1] GPU_RANK=1 on CUDA device 1 hostname=lrdn0129.leonardo.local
[Rank 0] GPU_RANK=0 on CUDA device 0 hostname=lrdn0129.leonardo.local
[RANK 0] Trainer is running...
[RANK 0 GPU 0] Epoch 0 | Batches: 157
0 - 200960
1 - 201488
[RANK 0 GPU 0] Epoch 1 | Batches: 157
Epoch [1/20], Loss: 0.063540
0 - 2009601 - 201488

[RANK 0 GPU 0] Epoch 2 | Batches: 157
Epoch [2/20], Loss: 0.068070
1 - 201488
0 - 200960
[RANK 0 GPU 0] Epoch 3 | Batches: 157
Epoch [3/20], Loss: 0.067402
0 - 200960
1 - 201488
[RANK 0 GPU 0] Epoch 4 | Batches: 157
Epoch [4/20], Loss: 0.065804
0 - 200960
1 - 201488
[RANK 0 GPU 0] Epoch 5 | Batches: 157
Epoch [5/20], Loss: 0.075073
0 - 200960
1 - 201488
[RANK 0 GPU 0] Epoch 6 | Batches: 157
Epoch [6/20], Loss: 0.066097
0 - 200960
1 - 201488
