Thu Jul  3 01:34:51 2025       
+---------------------------------------------------------------------------------------+
| NVIDIA-SMI 530.30.02              Driver Version: 530.30.02    CUDA Version: 12.1     |
|-----------------------------------------+----------------------+----------------------+
| GPU  Name                  Persistence-M| Bus-Id        Disp.A | Volatile Uncorr. ECC |
| Fan  Temp  Perf            Pwr:Usage/Cap|         Memory-Usage | GPU-Util  Compute M. |
|                                         |                      |               MIG M. |
|=========================================+======================+======================|
|   0  NVIDIA A100-SXM-64GB            On | 00000000:1D:00.0 Off |                    0 |
| N/A   43C    P0               63W / 475W|      0MiB / 65536MiB |      0%      Default |
|                                         |                      |             Disabled |
+-----------------------------------------+----------------------+----------------------+
|   1  NVIDIA A100-SXM-64GB            On | 00000000:56:00.0 Off |                    0 |
| N/A   43C    P0               64W / 475W|      0MiB / 65536MiB |      0%      Default |
|                                         |                      |             Disabled |
+-----------------------------------------+----------------------+----------------------+
|   2  NVIDIA A100-SXM-64GB            On | 00000000:8F:00.0 Off |                    0 |
| N/A   43C    P0               58W / 461W|      0MiB / 65536MiB |      0%      Default |
|                                         |                      |             Disabled |
+-----------------------------------------+----------------------+----------------------+
|   3  NVIDIA A100-SXM-64GB            On | 00000000:C8:00.0 Off |                    0 |
| N/A   43C    P0               61W / 456W|      0MiB / 65536MiB |      0%      Default |
|                                         |                      |             Disabled |
+-----------------------------------------+----------------------+----------------------+
                                                                                         
+---------------------------------------------------------------------------------------+
| Processes:                                                                            |
|  GPU   GI   CI        PID   Type   Process name                            GPU Memory |
|        ID   ID                                                             Usage      |
|=======================================================================================|
|  No running processes found                                                           |
+---------------------------------------------------------------------------------------+
+ -------------- SLURM CHECK -------------- +
CUDA_VISIBLE_DEVICES=0,1,2,3
NODES=2
+ ----------------------------------------- +
+ ---------- TORCH LIBRARY CHECK ---------- +
PyTorch version: 2.7.1+cu126
PyTorch CUDA version: 12.6
PyTorch CUDNN version: 90501
GPUs per node 4
Training with GPUs :)
+ ----------------------------------------- +
[Rank 0] GPU_RANK=0 on CUDA device 0 hostname=lrdn0570.leonardo.local
[Rank 1] GPU_RANK=1 on CUDA device 1 hostname=lrdn0570.leonardo.local
[Rank 2] GPU_RANK=2 on CUDA device 2 hostname=lrdn0570.leonardo.local
[Rank 4] GPU_RANK=0 on CUDA device 0 hostname=lrdn0629.leonardo.local
[Rank 3] GPU_RANK=3 on CUDA device 3 hostname=lrdn0570.leonardo.local
[Rank 5] GPU_RANK=1 on CUDA device 1 hostname=lrdn0629.leonardo.local
[Rank 6] GPU_RANK=2 on CUDA device 2 hostname=lrdn0629.leonardo.local
[Rank 7] GPU_RANK=3 on CUDA device 3 hostname=lrdn0629.leonardo.local
[RANK 0] Trainer is running...
[RANK 0 GPU 0] Epoch 0 | Batches: 10
-> Epoch 0 | Avg Loss: 0.08746194927874258
[RANK 0 GPU 0] Epoch 1 | Batches: 10
-> Epoch 1 | Avg Loss: 0.04761373308503022
[RANK 0 GPU 0] Epoch 2 | Batches: 10
-> Epoch 2 | Avg Loss: 0.0341180950340073
[RANK 0 GPU 0] Epoch 3 | Batches: 10
-> Epoch 3 | Avg Loss: 0.02613357397711883
[RANK 0 GPU 0] Epoch 4 | Batches: 10
-> Epoch 4 | Avg Loss: 0.021191150265730034
[RANK 0 GPU 0] Epoch 5 | Batches: 10
-> Epoch 5 | Avg Loss: 0.017509045426623297
[RANK 0 GPU 0] Epoch 6 | Batches: 10
-> Epoch 6 | Avg Loss: 0.01474588984718262
[RANK 0 GPU 0] Epoch 7 | Batches: 10
-> Epoch 7 | Avg Loss: 0.012664922213150282
[RANK 0 GPU 0] Epoch 8 | Batches: 10
-> Epoch 8 | Avg Loss: 0.01107975640097412
[RANK 0 GPU 0] Epoch 9 | Batches: 10
-> Epoch 9 | Avg Loss: 0.009801498330119302
Final execution time: 115.083169664s
[RANK 0] Training done.
[RANK: 0] Model saved to autoencoder_ddp.pth
