Fri Jul  4 18:12:12 2025       
+---------------------------------------------------------------------------------------+
| NVIDIA-SMI 530.30.02              Driver Version: 530.30.02    CUDA Version: 12.1     |
|-----------------------------------------+----------------------+----------------------+
| GPU  Name                  Persistence-M| Bus-Id        Disp.A | Volatile Uncorr. ECC |
| Fan  Temp  Perf            Pwr:Usage/Cap|         Memory-Usage | GPU-Util  Compute M. |
|                                         |                      |               MIG M. |
|=========================================+======================+======================|
|   0  NVIDIA A100-SXM-64GB            On | 00000000:1D:00.0 Off |                    0 |
| N/A   42C    P0               63W / 469W|      0MiB / 65536MiB |      0%      Default |
|                                         |                      |             Disabled |
+-----------------------------------------+----------------------+----------------------+
|   1  NVIDIA A100-SXM-64GB            On | 00000000:56:00.0 Off |                    0 |
| N/A   43C    P0               65W / 482W|      0MiB / 65536MiB |      0%      Default |
|                                         |                      |             Disabled |
+-----------------------------------------+----------------------+----------------------+
|   2  NVIDIA A100-SXM-64GB            On | 00000000:8F:00.0 Off |                    0 |
| N/A   42C    P0               62W / 457W|      0MiB / 65536MiB |      0%      Default |
|                                         |                      |             Disabled |
+-----------------------------------------+----------------------+----------------------+
|   3  NVIDIA A100-SXM-64GB            On | 00000000:C8:00.0 Off |                    0 |
| N/A   41C    P0               60W / 454W|      0MiB / 65536MiB |      0%      Default |
|                                         |                      |             Disabled |
+-----------------------------------------+----------------------+----------------------+
                                                                                         
+---------------------------------------------------------------------------------------+
| Processes:                                                                            |
|  GPU   GI   CI        PID   Type   Process name                            GPU Memory |
|        ID   ID                                                             Usage      |
|=======================================================================================|
|  No running processes found                                                           |
+---------------------------------------------------------------------------------------+
+ -------------- SLURM CHECK -------------- +
CUDA_VISIBLE_DEVICES=0,1,2,3
NODES=2
+ ----------------------------------------- +
+ ---------- TORCH LIBRARY CHECK ---------- +
PyTorch version: 2.7.1+cu126
PyTorch CUDA version: 12.6
PyTorch CUDNN version: 90501
GPUs per node 4
Training with GPUs :)
+ ----------------------------------------- +
[Rank 0] GPU_RANK=0 on CUDA device 0 hostname=lrdn0273.leonardo.local
[Rank 4] GPU_RANK=0 on CUDA device 0 hostname=lrdn0275.leonardo.local
[Rank 1] GPU_RANK=1 on CUDA device 1 hostname=lrdn0273.leonardo.local
[Rank 2] GPU_RANK=2 on CUDA device 2 hostname=lrdn0273.leonardo.local
[Rank 3] GPU_RANK=3 on CUDA device 3 hostname=lrdn0273.leonardo.local
[Rank 5] GPU_RANK=1 on CUDA device 1 hostname=lrdn0275.leonardo.local
[Rank 6] GPU_RANK=2 on CUDA device 2 hostname=lrdn0275.leonardo.local
[Rank 7] GPU_RANK=3 on CUDA device 3 hostname=lrdn0275.leonardo.local
[RANK 4] I have 30000 samples. From 30000 to 60000
[RANK 0] This dataset has 60000 samples
[RANK 0] I have 30000 samples. From 0 to 30000
[RANK 0] Trainer is running...
[RANK 0 GPU 0] Epoch 0 | Batches: 10
-> Epoch 0 | Avg Loss: 0.11004108563065529
[RANK 0 GPU 0] Epoch 1 | Batches: 10
-> Epoch 1 | Avg Loss: 0.06514459264775117
[RANK 0 GPU 0] Epoch 2 | Batches: 10
-> Epoch 2 | Avg Loss: 0.0526215339700381
[RANK 0 GPU 0] Epoch 3 | Batches: 10
-> Epoch 3 | Avg Loss: 0.044290393590927124
[RANK 0 GPU 0] Epoch 4 | Batches: 10
-> Epoch 4 | Avg Loss: 0.0382986863454183
[RANK 0 GPU 0] Epoch 5 | Batches: 10
-> Epoch 5 | Avg Loss: 0.03342955311139425
[RANK 0 GPU 0] Epoch 6 | Batches: 10
-> Epoch 6 | Avg Loss: 0.029375983153780302
[RANK 0 GPU 0] Epoch 7 | Batches: 10
-> Epoch 7 | Avg Loss: 0.02606645617634058
[RANK 0 GPU 0] Epoch 8 | Batches: 10
-> Epoch 8 | Avg Loss: 0.023264412644008796
[RANK 0 GPU 0] Epoch 9 | Batches: 10
-> Epoch 9 | Avg Loss: 0.02090751063078642
[RANK 0 GPU 0] Epoch 10 | Batches: 10
-> Epoch 10 | Avg Loss: 0.01889444204668204
[RANK 0 GPU 0] Epoch 11 | Batches: 10
-> Epoch 11 | Avg Loss: 0.017206477063397566
[RANK 0 GPU 0] Epoch 12 | Batches: 10
-> Epoch 12 | Avg Loss: 0.015756784503658614
[RANK 0 GPU 0] Epoch 13 | Batches: 10
-> Epoch 13 | Avg Loss: 0.01450394963224729
[RANK 0 GPU 0] Epoch 14 | Batches: 10
-> Epoch 14 | Avg Loss: 0.013431768833349149
[RANK 0 GPU 0] Epoch 15 | Batches: 10
-> Epoch 15 | Avg Loss: 0.012456708556662003
[RANK 0 GPU 0] Epoch 16 | Batches: 10
-> Epoch 16 | Avg Loss: 0.011590702148775259
[RANK 0 GPU 0] Epoch 17 | Batches: 10
-> Epoch 17 | Avg Loss: 0.010817377517620722
[RANK 0 GPU 0] Epoch 18 | Batches: 10
-> Epoch 18 | Avg Loss: 0.010126621928066015
[RANK 0 GPU 0] Epoch 19 | Batches: 10
-> Epoch 19 | Avg Loss: 0.009495233154545228
Final execution time: 94.536364284s
[RANK 0] Training done.
[RANK: 0] Model saved to autoencoder_ddp.pth
