Fri Jul  4 17:53:09 2025       
+---------------------------------------------------------------------------------------+
| NVIDIA-SMI 530.30.02              Driver Version: 530.30.02    CUDA Version: 12.1     |
|-----------------------------------------+----------------------+----------------------+
| GPU  Name                  Persistence-M| Bus-Id        Disp.A | Volatile Uncorr. ECC |
| Fan  Temp  Perf            Pwr:Usage/Cap|         Memory-Usage | GPU-Util  Compute M. |
|                                         |                      |               MIG M. |
|=========================================+======================+======================|
|   0  NVIDIA A100-SXM-64GB            On | 00000000:1D:00.0 Off |                    0 |
| N/A   42C    P0               63W / 481W|      0MiB / 65536MiB |      0%      Default |
|                                         |                      |             Disabled |
+-----------------------------------------+----------------------+----------------------+
|   1  NVIDIA A100-SXM-64GB            On | 00000000:56:00.0 Off |                    0 |
| N/A   43C    P0               64W / 473W|      0MiB / 65536MiB |      0%      Default |
|                                         |                      |             Disabled |
+-----------------------------------------+----------------------+----------------------+
|   2  NVIDIA A100-SXM-64GB            On | 00000000:8F:00.0 Off |                    0 |
| N/A   42C    P0               63W / 464W|      0MiB / 65536MiB |      0%      Default |
|                                         |                      |             Disabled |
+-----------------------------------------+----------------------+----------------------+
|   3  NVIDIA A100-SXM-64GB            On | 00000000:C8:00.0 Off |                    0 |
| N/A   42C    P0               64W / 460W|      0MiB / 65536MiB |      0%      Default |
|                                         |                      |             Disabled |
+-----------------------------------------+----------------------+----------------------+
                                                                                         
+---------------------------------------------------------------------------------------+
| Processes:                                                                            |
|  GPU   GI   CI        PID   Type   Process name                            GPU Memory |
|        ID   ID                                                             Usage      |
|=======================================================================================|
|  No running processes found                                                           |
+---------------------------------------------------------------------------------------+
+ -------------- SLURM CHECK -------------- +
CUDA_VISIBLE_DEVICES=0,1,2,3
NODES=2
+ ----------------------------------------- +
+ ---------- TORCH LIBRARY CHECK ---------- +
PyTorch version: 2.7.1+cu126
PyTorch CUDA version: 12.6
+ ---------- TORCH LIBRARY CHECK ---------- +
PyTorch version: 2.7.1+cu126
PyTorch CUDA version: 12.6
PyTorch CUDNN version: 90501
GPUs per node 4
Training with GPUs :)
+ ----------------------------------------- +
PyTorch CUDNN version: 90501
GPUs per node 4
Training with GPUs :)
+ ----------------------------------------- +
