Mon Jul  7 11:27:35 2025       
+---------------------------------------------------------------------------------------+
| NVIDIA-SMI 530.30.02              Driver Version: 530.30.02    CUDA Version: 12.1     |
|-----------------------------------------+----------------------+----------------------+
| GPU  Name                  Persistence-M| Bus-Id        Disp.A | Volatile Uncorr. ECC |
| Fan  Temp  Perf            Pwr:Usage/Cap|         Memory-Usage | GPU-Util  Compute M. |
|                                         |                      |               MIG M. |
|=========================================+======================+======================|
|   0  NVIDIA A100-SXM-64GB            On | 00000000:1D:00.0 Off |                    0 |
| N/A   43C    P0               63W / 475W|      0MiB / 65536MiB |      0%      Default |
|                                         |                      |             Disabled |
+-----------------------------------------+----------------------+----------------------+
|   1  NVIDIA A100-SXM-64GB            On | 00000000:56:00.0 Off |                    0 |
| N/A   43C    P0               65W / 480W|      0MiB / 65536MiB |      0%      Default |
|                                         |                      |             Disabled |
+-----------------------------------------+----------------------+----------------------+
|   2  NVIDIA A100-SXM-64GB            On | 00000000:8F:00.0 Off |                    0 |
| N/A   42C    P0               63W / 460W|      0MiB / 65536MiB |      0%      Default |
|                                         |                      |             Disabled |
+-----------------------------------------+----------------------+----------------------+
|   3  NVIDIA A100-SXM-64GB            On | 00000000:C8:00.0 Off |                    0 |
| N/A   43C    P0               61W / 454W|      0MiB / 65536MiB |      0%      Default |
|                                         |                      |             Disabled |
+-----------------------------------------+----------------------+----------------------+
                                                                                         
+---------------------------------------------------------------------------------------+
| Processes:                                                                            |
|  GPU   GI   CI        PID   Type   Process name                            GPU Memory |
|        ID   ID                                                             Usage      |
|=======================================================================================|
|  No running processes found                                                           |
+---------------------------------------------------------------------------------------+
+ -------------- SLURM CHECK -------------- +
CUDA_VISIBLE_DEVICES=0,1,2,3
NODES=1
+ ----------------------------------------- +
+ ---------- TORCH LIBRARY CHECK ---------- +
PyTorch version: 2.7.1+cu126
PyTorch CUDA version: 12.6
PyTorch CUDNN version: 90501
GPUs per node 4
Training with GPUs :)
+ ----------------------------------------- +
[Rank 0] GPU_RANK=0 on CUDA device 0 hostname=lrdn1025.leonardo.local
[Rank 2] GPU_RANK=2 on CUDA device 2 hostname=lrdn1025.leonardo.local
[Rank 3] GPU_RANK=3 on CUDA device 3 hostname=lrdn1025.leonardo.local
[Rank 1] GPU_RANK=1 on CUDA device 1 hostname=lrdn1025.leonardo.local
[RANK 0] This dataset has 60000 samples
[RANK 0] I have 60000 samples. From 0 to 60000
[RANK 0] Trainer is running...
[RANK 0 GPU 0] Epoch 0 | Batches: 79
-> Epoch 0 | Avg Loss: 0.03752040874157379
[RANK 0 GPU 0] Epoch 1 | Batches: 79
-> Epoch 1 | Avg Loss: 0.011505256263987977
[RANK 0 GPU 0] Epoch 2 | Batches: 79
-> Epoch 2 | Avg Loss: 0.006250463389376524
[RANK 0 GPU 0] Epoch 3 | Batches: 79
-> Epoch 3 | Avg Loss: 0.004275468089230565
[RANK 0 GPU 0] Epoch 4 | Batches: 79
-> Epoch 4 | Avg Loss: 0.0033095524813145844
[RANK 0 GPU 0] Epoch 5 | Batches: 79
-> Epoch 5 | Avg Loss: 0.0027536039021231534
[RANK 0 GPU 0] Epoch 6 | Batches: 79
-> Epoch 6 | Avg Loss: 0.002390113634132802
[RANK 0 GPU 0] Epoch 7 | Batches: 79
-> Epoch 7 | Avg Loss: 0.002121173234324831
[RANK 0 GPU 0] Epoch 8 | Batches: 79
-> Epoch 8 | Avg Loss: 0.001922798179673837
[RANK 0 GPU 0] Epoch 9 | Batches: 79
-> Epoch 9 | Avg Loss: 0.0017749116113627834
Final execution time: 46.58407211303711s
[RANK 0] Training done.
[RANK 0] Model saved to autoencoder_nccl.pth
