Mon Jul  7 11:29:40 2025       
+---------------------------------------------------------------------------------------+
| NVIDIA-SMI 530.30.02              Driver Version: 530.30.02    CUDA Version: 12.1     |
|-----------------------------------------+----------------------+----------------------+
| GPU  Name                  Persistence-M| Bus-Id        Disp.A | Volatile Uncorr. ECC |
| Fan  Temp  Perf            Pwr:Usage/Cap|         Memory-Usage | GPU-Util  Compute M. |
|                                         |                      |               MIG M. |
|=========================================+======================+======================|
|   0  NVIDIA A100-SXM-64GB            On | 00000000:1D:00.0 Off |                    0 |
| N/A   43C    P0               64W / 473W|      0MiB / 65536MiB |      0%      Default |
|                                         |                      |             Disabled |
+-----------------------------------------+----------------------+----------------------+
|   1  NVIDIA A100-SXM-64GB            On | 00000000:56:00.0 Off |                    0 |
| N/A   42C    P0               65W / 474W|      0MiB / 65536MiB |      0%      Default |
|                                         |                      |             Disabled |
+-----------------------------------------+----------------------+----------------------+
|   2  NVIDIA A100-SXM-64GB            On | 00000000:8F:00.0 Off |                    0 |
| N/A   43C    P0               63W / 463W|      0MiB / 65536MiB |      0%      Default |
|                                         |                      |             Disabled |
+-----------------------------------------+----------------------+----------------------+
|   3  NVIDIA A100-SXM-64GB            On | 00000000:C8:00.0 Off |                    0 |
| N/A   43C    P0               63W / 463W|      0MiB / 65536MiB |      0%      Default |
|                                         |                      |             Disabled |
+-----------------------------------------+----------------------+----------------------+
                                                                                         
+---------------------------------------------------------------------------------------+
| Processes:                                                                            |
|  GPU   GI   CI        PID   Type   Process name                            GPU Memory |
|        ID   ID                                                             Usage      |
|=======================================================================================|
|  No running processes found                                                           |
+---------------------------------------------------------------------------------------+
+ -------------- SLURM CHECK -------------- +
CUDA_VISIBLE_DEVICES=0,1,2,3
NODES=1
+ ----------------------------------------- +
+ ---------- TORCH LIBRARY CHECK ---------- +
PyTorch version: 2.7.1+cu126
PyTorch CUDA version: 12.6
PyTorch CUDNN version: 90501
GPUs per node 4
Training with GPUs :)
+ ----------------------------------------- +
[Rank 0] GPU_RANK=0 on CUDA device 0 hostname=lrdn1901.leonardo.local
[Rank 2] GPU_RANK=2 on CUDA device 2 hostname=lrdn1901.leonardo.local
[Rank 1] GPU_RANK=1 on CUDA device 1 hostname=lrdn1901.leonardo.local
[Rank 3] GPU_RANK=3 on CUDA device 3 hostname=lrdn1901.leonardo.local
[RANK 0] This dataset has 60000 samples
[RANK 0] I have 60000 samples. From 0 to 60000
[RANK 0] Trainer is running...
[RANK 0 GPU 0] Epoch 0 | Batches: 40
-> Epoch 0 | Avg Loss: 0.05142569698076299
[RANK 0 GPU 0] Epoch 1 | Batches: 40
-> Epoch 1 | Avg Loss: 0.02055274286168687
[RANK 0 GPU 0] Epoch 2 | Batches: 40
-> Epoch 2 | Avg Loss: 0.012499589893095037
[RANK 0 GPU 0] Epoch 3 | Batches: 40
-> Epoch 3 | Avg Loss: 0.008557013111149377
[RANK 0 GPU 0] Epoch 4 | Batches: 40
-> Epoch 4 | Avg Loss: 0.006302453854933698
[RANK 0 GPU 0] Epoch 5 | Batches: 40
-> Epoch 5 | Avg Loss: 0.004972051987622647
[RANK 0 GPU 0] Epoch 6 | Batches: 40
-> Epoch 6 | Avg Loss: 0.004109916952934037
[RANK 0 GPU 0] Epoch 7 | Batches: 40
-> Epoch 7 | Avg Loss: 0.003528077242539284
[RANK 0 GPU 0] Epoch 8 | Batches: 40
-> Epoch 8 | Avg Loss: 0.003121719135843376
[RANK 0 GPU 0] Epoch 9 | Batches: 40
-> Epoch 9 | Avg Loss: 0.0028148530972527063
Final execution time: 41.12635040283203s
[RANK 0] Training done.
[RANK 0] Model saved to autoencoder_nccl.pth
