Loading python/3.11.6--gcc--8.5.0
  Loading requirement: bzip2/1.0.8-gp5wcz5 libmd/1.0.4-wja3f5q
    libbsd/0.11.7-cgxjopl expat/2.5.0-bptl3xw ncurses/6.4-asx3jea
    readline/8.2-nyw6mp6 gdbm/1.23-fs6otck libiconv/1.17-d7yvx2s
    xz/5.4.1-hubmwr5 zlib-ng/2.1.4-6htiapk libxml2/2.10.3-5eeeokp
    pigz/2.7-bopr5vp zstd/1.5.5-gawytfl tar/1.34-amqus5s gettext/0.22.3-2g7elif
    libffi/3.4.4-6r7brdq libxcrypt/4.4.35-ss2rzin sqlite/3.43.2
    util-linux-uuid/2.38.1-jkdi7kv
no change     /leonardo/prod/spack/5.2/install/0.21/linux-rhel8-icelake/gcc-8.5.0/anaconda3-2023.09-0-zcre7pfofz45c3btxpdk5zvcicdq5evx/condabin/conda
no change     /leonardo/prod/spack/5.2/install/0.21/linux-rhel8-icelake/gcc-8.5.0/anaconda3-2023.09-0-zcre7pfofz45c3btxpdk5zvcicdq5evx/bin/conda
no change     /leonardo/prod/spack/5.2/install/0.21/linux-rhel8-icelake/gcc-8.5.0/anaconda3-2023.09-0-zcre7pfofz45c3btxpdk5zvcicdq5evx/bin/conda-env
no change     /leonardo/prod/spack/5.2/install/0.21/linux-rhel8-icelake/gcc-8.5.0/anaconda3-2023.09-0-zcre7pfofz45c3btxpdk5zvcicdq5evx/bin/activate
no change     /leonardo/prod/spack/5.2/install/0.21/linux-rhel8-icelake/gcc-8.5.0/anaconda3-2023.09-0-zcre7pfofz45c3btxpdk5zvcicdq5evx/bin/deactivate
no change     /leonardo/prod/spack/5.2/install/0.21/linux-rhel8-icelake/gcc-8.5.0/anaconda3-2023.09-0-zcre7pfofz45c3btxpdk5zvcicdq5evx/etc/profile.d/conda.sh
no change     /leonardo/prod/spack/5.2/install/0.21/linux-rhel8-icelake/gcc-8.5.0/anaconda3-2023.09-0-zcre7pfofz45c3btxpdk5zvcicdq5evx/etc/fish/conf.d/conda.fish
no change     /leonardo/prod/spack/5.2/install/0.21/linux-rhel8-icelake/gcc-8.5.0/anaconda3-2023.09-0-zcre7pfofz45c3btxpdk5zvcicdq5evx/shell/condabin/Conda.psm1
no change     /leonardo/prod/spack/5.2/install/0.21/linux-rhel8-icelake/gcc-8.5.0/anaconda3-2023.09-0-zcre7pfofz45c3btxpdk5zvcicdq5evx/shell/condabin/conda-hook.ps1
no change     /leonardo/prod/spack/5.2/install/0.21/linux-rhel8-icelake/gcc-8.5.0/anaconda3-2023.09-0-zcre7pfofz45c3btxpdk5zvcicdq5evx/lib/python3.11/site-packages/xontrib/conda.xsh
no change     /leonardo/prod/spack/5.2/install/0.21/linux-rhel8-icelake/gcc-8.5.0/anaconda3-2023.09-0-zcre7pfofz45c3btxpdk5zvcicdq5evx/etc/profile.d/conda.csh
no change     /leonardo/home/userexternal/lpiarull/.bashrc
No action taken.
Mon Jun 16 17:01:10 2025       
+---------------------------------------------------------------------------------------+
| NVIDIA-SMI 530.30.02              Driver Version: 530.30.02    CUDA Version: 12.1     |
|-----------------------------------------+----------------------+----------------------+
| GPU  Name                  Persistence-M| Bus-Id        Disp.A | Volatile Uncorr. ECC |
| Fan  Temp  Perf            Pwr:Usage/Cap|         Memory-Usage | GPU-Util  Compute M. |
|                                         |                      |               MIG M. |
|=========================================+======================+======================|
|   0  NVIDIA A100-SXM-64GB            On | 00000000:1D:00.0 Off |                    0 |
| N/A   43C    P0               64W / 474W|      0MiB / 65536MiB |      0%      Default |
|                                         |                      |             Disabled |
+-----------------------------------------+----------------------+----------------------+
|   1  NVIDIA A100-SXM-64GB            On | 00000000:56:00.0 Off |                    0 |
| N/A   43C    P0               63W / 472W|      0MiB / 65536MiB |      0%      Default |
|                                         |                      |             Disabled |
+-----------------------------------------+----------------------+----------------------+
|   2  NVIDIA A100-SXM-64GB            On | 00000000:8F:00.0 Off |                    0 |
| N/A   43C    P0               61W / 455W|      0MiB / 65536MiB |      0%      Default |
|                                         |                      |             Disabled |
+-----------------------------------------+----------------------+----------------------+
|   3  NVIDIA A100-SXM-64GB            On | 00000000:C8:00.0 Off |                    0 |
| N/A   43C    P0               63W / 461W|      0MiB / 65536MiB |      0%      Default |
|                                         |                      |             Disabled |
+-----------------------------------------+----------------------+----------------------+
                                                                                         
+---------------------------------------------------------------------------------------+
| Processes:                                                                            |
|  GPU   GI   CI        PID   Type   Process name                            GPU Memory |
|        ID   ID                                                             Usage      |
|=======================================================================================|
|  No running processes found                                                           |
+---------------------------------------------------------------------------------------+
-----------------------------------------
CUDA_VISIBLE_DEVICES=0,1,2,3
NODES=2
lrdn2080:10.6.1.24
-----------------------------------------
