Tue Jul  1 21:29:06 2025       
+---------------------------------------------------------------------------------------+
| NVIDIA-SMI 530.30.02              Driver Version: 530.30.02    CUDA Version: 12.1     |
|-----------------------------------------+----------------------+----------------------+
| GPU  Name                  Persistence-M| Bus-Id        Disp.A | Volatile Uncorr. ECC |
| Fan  Temp  Perf            Pwr:Usage/Cap|         Memory-Usage | GPU-Util  Compute M. |
|                                         |                      |               MIG M. |
|=========================================+======================+======================|
|   0  NVIDIA A100-SXM-64GB            On | 00000000:1D:00.0 Off |                    0 |
| N/A   43C    P0               63W / 476W|      0MiB / 65536MiB |      0%      Default |
|                                         |                      |             Disabled |
+-----------------------------------------+----------------------+----------------------+
|   1  NVIDIA A100-SXM-64GB            On | 00000000:56:00.0 Off |                    0 |
| N/A   43C    P0               59W / 457W|      0MiB / 65536MiB |      0%      Default |
|                                         |                      |             Disabled |
+-----------------------------------------+----------------------+----------------------+
|   2  NVIDIA A100-SXM-64GB            On | 00000000:8F:00.0 Off |                    0 |
| N/A   42C    P0               62W / 457W|      0MiB / 65536MiB |      0%      Default |
|                                         |                      |             Disabled |
+-----------------------------------------+----------------------+----------------------+
|   3  NVIDIA A100-SXM-64GB            On | 00000000:C8:00.0 Off |                    0 |
| N/A   42C    P0               62W / 463W|      0MiB / 65536MiB |      0%      Default |
|                                         |                      |             Disabled |
+-----------------------------------------+----------------------+----------------------+
                                                                                         
+---------------------------------------------------------------------------------------+
| Processes:                                                                            |
|  GPU   GI   CI        PID   Type   Process name                            GPU Memory |
|        ID   ID                                                             Usage      |
|=======================================================================================|
|  No running processes found                                                           |
+---------------------------------------------------------------------------------------+
+ -------------- SLURM CHECK -------------- +
CUDA_VISIBLE_DEVICES=0,1,2,3
NODES=1
+ ----------------------------------------- +
+ ---------- TORCH LIBRARY CHECK ---------- +
PyTorch version: 2.7.1+cu126
PyTorch CUDA version: 12.6
PyTorch CUDNN version: 90501
GPUs per node 4
Training with GPUs :)
+ ----------------------------------------- +
[Rank 0] GPU_RANK=0 on CUDA device 0 hostname=lrdn0123.leonardo.local
[Rank 1] GPU_RANK=1 on CUDA device 1 hostname=lrdn0123.leonardo.local
[Rank 2] GPU_RANK=2 on CUDA device 2 hostname=lrdn0123.leonardo.local
[Rank 3] GPU_RANK=3 on CUDA device 3 hostname=lrdn0123.leonardo.local
[RANK 0] Trainer is running...
[RANK 0 GPU 0] Epoch 0 | Batches: 157
-> Epoch 0 | Avg Loss: 0.026421630782867547
[RANK 0 GPU 0] Epoch 1 | Batches: 157
-> Epoch 1 | Avg Loss: 0.006336399805553353
[RANK 0 GPU 0] Epoch 2 | Batches: 157
-> Epoch 2 | Avg Loss: 0.0035801913600657254
[RANK 0 GPU 0] Epoch 3 | Batches: 157
-> Epoch 3 | Avg Loss: 0.0026367814294985933
[RANK 0 GPU 0] Epoch 4 | Batches: 157
-> Epoch 4 | Avg Loss: 0.0021566929064069525
[RANK 0 GPU 0] Epoch 5 | Batches: 157
-> Epoch 5 | Avg Loss: 0.0018593717380357322
[RANK 0 GPU 0] Epoch 6 | Batches: 157
-> Epoch 6 | Avg Loss: 0.0016657407230475166
[RANK 0 GPU 0] Epoch 7 | Batches: 157
-> Epoch 7 | Avg Loss: 0.0015245679777606067
[RANK 0 GPU 0] Epoch 8 | Batches: 157
-> Epoch 8 | Avg Loss: 0.001418504416436227
[RANK 0 GPU 0] Epoch 9 | Batches: 157
-> Epoch 9 | Avg Loss: 0.0013413216588822113
[RANK 0 GPU 0] Epoch 10 | Batches: 157
-> Epoch 10 | Avg Loss: 0.0012742517222372343
[RANK 0 GPU 0] Epoch 11 | Batches: 157
-> Epoch 11 | Avg Loss: 0.001222139492860314
[RANK 0 GPU 0] Epoch 12 | Batches: 157
-> Epoch 12 | Avg Loss: 0.0011741032265176349
[RANK 0 GPU 0] Epoch 13 | Batches: 157
-> Epoch 13 | Avg Loss: 0.0011344916212793464
[RANK 0 GPU 0] Epoch 14 | Batches: 157
-> Epoch 14 | Avg Loss: 0.0011014676283496911
[RANK 0 GPU 0] Epoch 15 | Batches: 157
-> Epoch 15 | Avg Loss: 0.00106819219092207
[RANK 0 GPU 0] Epoch 16 | Batches: 157
-> Epoch 16 | Avg Loss: 0.0010360667658503107
[RANK 0 GPU 0] Epoch 17 | Batches: 157
-> Epoch 17 | Avg Loss: 0.0010063336178688194
[RANK 0 GPU 0] Epoch 18 | Batches: 157
-> Epoch 18 | Avg Loss: 0.000982461274471948
[RANK 0 GPU 0] Epoch 19 | Batches: 157
-> Epoch 19 | Avg Loss: 0.0009586951936280399
[RANK 0 GPU 0] Epoch 20 | Batches: 157
-> Epoch 20 | Avg Loss: 0.0009420535633035663
[RANK 0 GPU 0] Epoch 21 | Batches: 157
-> Epoch 21 | Avg Loss: 0.0009280840716963169
[RANK 0 GPU 0] Epoch 22 | Batches: 157
-> Epoch 22 | Avg Loss: 0.0009181077795243188
[RANK 0 GPU 0] Epoch 23 | Batches: 157
-> Epoch 23 | Avg Loss: 0.0009074683459639462
[RANK 0 GPU 0] Epoch 24 | Batches: 157
-> Epoch 24 | Avg Loss: 0.0008977152199160729
[RANK 0 GPU 0] Epoch 25 | Batches: 157
-> Epoch 25 | Avg Loss: 0.0008875168465288368
[RANK 0 GPU 0] Epoch 26 | Batches: 157
-> Epoch 26 | Avg Loss: 0.0008787653228488447
[RANK 0 GPU 0] Epoch 27 | Batches: 157
-> Epoch 27 | Avg Loss: 0.0008699961777613647
[RANK 0 GPU 0] Epoch 28 | Batches: 157
-> Epoch 28 | Avg Loss: 0.0008640879496330344
[RANK 0 GPU 0] Epoch 29 | Batches: 157
-> Epoch 29 | Avg Loss: 0.0008560332214844022
Final execution time: 124.26661012699999s
[RANK 0] Training done.
[RANK: 0] Model saved to autoencoder_ddp.pth
